# JRE version: 7.0_25-b30
# Java VM: OpenJDK 64-Bit Server VM (23.7-b01 mixed mode linux-amd64 compressed oops)
Heap
 PSYoungGen      total 73728K, used 62593K [0x00000000f2200000, 0x00000000f7f00000, 0x0000000100000000)
  eden space 57216K, 82% used [0x00000000f2200000,0x00000000f4fe0330,0x00000000f59e0000)
  from space 16512K, 94% used [0x00000000f6c30000,0x00000000f7b703f8,0x00000000f7c50000)
  to   space 18752K, 0% used [0x00000000f59e0000,0x00000000f59e0000,0x00000000f6c30000)
 ParOldGen       total 139328K, used 99217K [0x00000000d6600000, 0x00000000dee10000, 0x00000000f2200000)
  object space 139328K, 71% used [0x00000000d6600000,0x00000000dc6e47e8,0x00000000dee10000)
 PSPermGen       total 23872K, used 11613K [0x00000000cc000000, 0x00000000cd750000, 0x00000000d6600000)
  object space 23872K, 48% used [0x00000000cc000000,0x00000000ccb576c0,0x00000000cd750000)
GC Heap History (10 events):
Event: 4,335 GC heap before
{Heap before GC invocations=9 (full 2):
 PSYoungGen      total 37440K, used 27686K [0x00000000f2200000, 0x00000000f5280000, 0x0000000100000000)
  eden space 26240K, 99% used [0x00000000f2200000,0x00000000f3b7bb88,0x00000000f3ba0000)
  from space 11200K, 14% used [0x00000000f4790000,0x00000000f491df40,0x00000000f5280000)
  to   space 11712K, 0% used [0x00000000f3ba0000,0x00000000f3ba0000,0x00000000f4710000)
 ParOldGen       total 96768K, used 78637K [0x00000000d6600000, 0x00000000dc480000, 0x00000000f2200000)
  object space 96768K, 81% used [0x00000000d6600000,0x00000000db2cb490,0x00000000dc480000)
 PSPermGen       total 24000K, used 10590K [0x00000000cc000000, 0x00000000cd770000, 0x00000000d6600000)
  object space 24000K, 44% used [0x00000000cc000000,0x00000000cca57808,0x00000000cd770000)
Event: 4,359 GC heap after
Heap after GC invocations=9 (full 2):
 PSYoungGen      total 37952K, used 8119K [0x00000000f2200000, 0x00000000f6440000, 0x0000000100000000)
  eden space 26240K, 0% used [0x00000000f2200000,0x00000000f2200000,0x00000000f3ba0000)
  from space 11712K, 69% used [0x00000000f3ba0000,0x00000000f438de20,0x00000000f4710000)
  to   space 12288K, 0% used [0x00000000f5840000,0x00000000f5840000,0x00000000f6440000)
 ParOldGen       total 96768K, used 78637K [0x00000000d6600000, 0x00000000dc480000, 0x00000000f2200000)
  object space 96768K, 81% used [0x00000000d6600000,0x00000000db2cb490,0x00000000dc480000)
 PSPermGen       total 24000K, used 10590K [0x00000000cc000000, 0x00000000cd770000, 0x00000000d6600000)
  object space 24000K, 44% used [0x00000000cc000000,0x00000000cca57808,0x00000000cd770000)
}
Event: 4,542 GC heap before
{Heap before GC invocations=10 (full 2):
 PSYoungGen      total 37952K, used 34355K [0x00000000f2200000, 0x00000000f6440000, 0x0000000100000000)
  eden space 26240K, 99% used [0x00000000f2200000,0x00000000f3b9ee58,0x00000000f3ba0000)
  from space 11712K, 69% used [0x00000000f3ba0000,0x00000000f438de20,0x00000000f4710000)
  to   space 12288K, 0% used [0x00000000f5840000,0x00000000f5840000,0x00000000f6440000)
 ParOldGen       total 96768K, used 78637K [0x00000000d6600000, 0x00000000dc480000, 0x00000000f2200000)
  object space 96768K, 81% used [0x00000000d6600000,0x00000000db2cb490,0x00000000dc480000)
 PSPermGen       total 24000K, used 10591K [0x00000000cc000000, 0x00000000cd770000, 0x00000000d6600000)
  object space 24000K, 44% used [0x00000000cc000000,0x00000000cca57c90,0x00000000cd770000)
Event: 4,592 GC heap after
Heap after GC invocations=10 (full 2):
 PSYoungGen      total 53440K, used 12221K [0x00000000f2200000, 0x00000000f6900000, 0x0000000100000000)
  eden space 41152K, 0% used [0x00000000f2200000,0x00000000f2200000,0x00000000f4a30000)
  from space 12288K, 99% used [0x00000000f5840000,0x00000000f642f5d8,0x00000000f6440000)
  to   space 14400K, 0% used [0x00000000f4a30000,0x00000000f4a30000,0x00000000f5840000)
 ParOldGen       total 96768K, used 85002K [0x00000000d6600000, 0x00000000dc480000, 0x00000000f2200000)
  object space 96768K, 87% used [0x00000000d6600000,0x00000000db9028d8,0x00000000dc480000)
 PSPermGen       total 24000K, used 10591K [0x00000000cc000000, 0x00000000cd770000, 0x00000000d6600000)
  object space 24000K, 44% used [0x00000000cc000000,0x00000000cca57c90,0x00000000cd770000)
}
Event: 4,849 GC heap before
{Heap before GC invocations=11 (full 2):
 PSYoungGen      total 53440K, used 51420K [0x00000000f2200000, 0x00000000f6900000, 0x0000000100000000)
  eden space 41152K, 95% used [0x00000000f2200000,0x00000000f4847d28,0x00000000f4a30000)
  from space 12288K, 99% used [0x00000000f5840000,0x00000000f642f5d8,0x00000000f6440000)
  to   space 14400K, 0% used [0x00000000f4a30000,0x00000000f4a30000,0x00000000f5840000)
 ParOldGen       total 96768K, used 85002K [0x00000000d6600000, 0x00000000dc480000, 0x00000000f2200000)
  object space 96768K, 87% used [0x00000000d6600000,0x00000000db9028d8,0x00000000dc480000)
 PSPermGen       total 24000K, used 11186K [0x00000000cc000000, 0x00000000cd770000, 0x00000000d6600000)
  object space 24000K, 46% used [0x00000000cc000000,0x00000000ccaecb60,0x00000000cd770000)
Event: 5,026 GC heap after
Heap after GC invocations=11 (full 2):
 PSYoungGen      total 55552K, used 13738K [0x00000000f2200000, 0x00000000f7c50000, 0x0000000100000000)
  eden space 41152K, 0% used [0x00000000f2200000,0x00000000f2200000,0x00000000f4a30000)
  from space 14400K, 95% used [0x00000000f4a30000,0x00000000f579ab80,0x00000000f5840000)
  to   space 16512K, 0% used [0x00000000f6c30000,0x00000000f6c30000,0x00000000f7c50000)
 ParOldGen       total 150016K, used 138249K [0x00000000d6600000, 0x00000000df880000, 0x00000000f2200000)
  object space 150016K, 92% used [0x00000000d6600000,0x00000000ded02678,0x00000000df880000)
 PSPermGen       total 24000K, used 11186K [0x00000000cc000000, 0x00000000cd770000, 0x00000000d6600000)
  object space 24000K, 46% used [0x00000000cc000000,0x00000000ccaecb60,0x00000000cd770000)
}
Event: 5,026 GC heap before
{Heap before GC invocations=12 (full 3):
 PSYoungGen      total 55552K, used 13738K [0x00000000f2200000, 0x00000000f7c50000, 0x0000000100000000)
  eden space 41152K, 0% used [0x00000000f2200000,0x00000000f2200000,0x00000000f4a30000)
  from space 14400K, 95% used [0x00000000f4a30000,0x00000000f579ab80,0x00000000f5840000)
  to   space 16512K, 0% used [0x00000000f6c30000,0x00000000f6c30000,0x00000000f7c50000)
 ParOldGen       total 150016K, used 138249K [0x00000000d6600000, 0x00000000df880000, 0x00000000f2200000)
  object space 150016K, 92% used [0x00000000d6600000,0x00000000ded02678,0x00000000df880000)
 PSPermGen       total 24000K, used 11186K [0x00000000cc000000, 0x00000000cd770000, 0x00000000d6600000)
  object space 24000K, 46% used [0x00000000cc000000,0x00000000ccaecb60,0x00000000cd770000)
Event: 5,197 GC heap after
Heap after GC invocations=12 (full 3):
 PSYoungGen      total 55552K, used 0K [0x00000000f2200000, 0x00000000f7c50000, 0x0000000100000000)
  eden space 41152K, 0% used [0x00000000f2200000,0x00000000f2200000,0x00000000f4a30000)
  from space 14400K, 0% used [0x00000000f4a30000,0x00000000f4a30000,0x00000000f5840000)
  to   space 16512K, 0% used [0x00000000f6c30000,0x00000000f6c30000,0x00000000f7c50000)
 ParOldGen       total 139328K, used 96604K [0x00000000d6600000, 0x00000000dee10000, 0x00000000f2200000)
  object space 139328K, 69% used [0x00000000d6600000,0x00000000dc4572c0,0x00000000dee10000)
 PSPermGen       total 23872K, used 11186K [0x00000000cc000000, 0x00000000cd750000, 0x00000000d6600000)
  object space 23872K, 46% used [0x00000000cc000000,0x00000000ccaecab0,0x00000000cd750000)
}
Event: 20,088 GC heap before
{Heap before GC invocations=13 (full 3):
 PSYoungGen      total 55552K, used 41152K [0x00000000f2200000, 0x00000000f7c50000, 0x0000000100000000)
  eden space 41152K, 100% used [0x00000000f2200000,0x00000000f4a30000,0x00000000f4a30000)
  from space 14400K, 0% used [0x00000000f4a30000,0x00000000f4a30000,0x00000000f5840000)
  to   space 16512K, 0% used [0x00000000f6c30000,0x00000000f6c30000,0x00000000f7c50000)
 ParOldGen       total 139328K, used 96604K [0x00000000d6600000, 0x00000000dee10000, 0x00000000f2200000)
  object space 139328K, 69% used [0x00000000d6600000,0x00000000dc4572c0,0x00000000dee10000)
 PSPermGen       total 23872K, used 11610K [0x00000000cc000000, 0x00000000cd750000, 0x00000000d6600000)
  object space 23872K, 48% used [0x00000000cc000000,0x00000000ccb56b00,0x00000000cd750000)
Event: 20,123 GC heap after
Heap after GC invocations=13 (full 3):
 PSYoungGen      total 73728K, used 15616K [0x00000000f2200000, 0x00000000f7f00000, 0x0000000100000000)
  eden space 57216K, 0% used [0x00000000f2200000,0x00000000f2200000,0x00000000f59e0000)
  from space 16512K, 94% used [0x00000000f6c30000,0x00000000f7b703f8,0x00000000f7c50000)
  to   space 18752K, 0% used [0x00000000f59e0000,0x00000000f59e0000,0x00000000f6c30000)
 ParOldGen       total 139328K, used 99217K [0x00000000d6600000, 0x00000000dee10000, 0x00000000f2200000)
  object space 139328K, 71% used [0x00000000d6600000,0x00000000dc6e47e8,0x00000000dee10000)
 PSPermGen       total 23872K, used 11610K [0x00000000cc000000, 0x00000000cd750000, 0x00000000d6600000)
  object space 23872K, 48% used [0x00000000cc000000,0x00000000ccb56b00,0x00000000cd750000)
}

