# JRE version: 7.0_25-b30
# Java VM: OpenJDK 64-Bit Server VM (23.7-b01 mixed mode linux-amd64 compressed oops)
Heap
 PSYoungGen      total 56768K, used 30188K [0x00000000f2200000, 0x00000000f6e10000, 0x0000000100000000)
  eden space 42624K, 37% used [0x00000000f2200000,0x00000000f31b1ee8,0x00000000f4ba0000)
  from space 14144K, 99% used [0x00000000f5c10000,0x00000000f69d9258,0x00000000f69e0000)
  to   space 16832K, 0% used [0x00000000f4ba0000,0x00000000f4ba0000,0x00000000f5c10000)
 ParOldGen       total 118720K, used 108299K [0x00000000d6600000, 0x00000000dd9f0000, 0x00000000f2200000)
  object space 118720K, 91% used [0x00000000d6600000,0x00000000dcfc2f18,0x00000000dd9f0000)
 PSPermGen       total 21248K, used 11573K [0x00000000cc000000, 0x00000000cd4c0000, 0x00000000d6600000)
  object space 21248K, 54% used [0x00000000cc000000,0x00000000ccb4d6a8,0x00000000cd4c0000)
GC Heap History (10 events):
Event: 3,424 GC heap before
{Heap before GC invocations=5 (full 1):
 PSYoungGen      total 9344K, used 7645K [0x00000000f2200000, 0x00000000f3440000, 0x0000000100000000)
  eden space 8064K, 94% used [0x00000000f2200000,0x00000000f2977738,0x00000000f29e0000)
  from space 1280K, 0% used [0x00000000f29e0000,0x00000000f29e0000,0x00000000f2b20000)
  to   space 1280K, 0% used [0x00000000f3300000,0x00000000f3300000,0x00000000f3440000)
 ParOldGen       total 38848K, used 19002K [0x00000000d6600000, 0x00000000d8bf0000, 0x00000000f2200000)
  object space 38848K, 48% used [0x00000000d6600000,0x00000000d788e858,0x00000000d8bf0000)
 PSPermGen       total 21248K, used 10570K [0x00000000cc000000, 0x00000000cd4c0000, 0x00000000d6600000)
  object space 21248K, 49% used [0x00000000cc000000,0x00000000cca52b58,0x00000000cd4c0000)
Event: 3,439 GC heap after
Heap after GC invocations=5 (full 1):
 PSYoungGen      total 16064K, used 1272K [0x00000000f2200000, 0x00000000f3440000, 0x0000000100000000)
  eden space 14784K, 0% used [0x00000000f2200000,0x00000000f2200000,0x00000000f3070000)
  from space 1280K, 99% used [0x00000000f3300000,0x00000000f343e230,0x00000000f3440000)
  to   space 1280K, 0% used [0x00000000f31c0000,0x00000000f31c0000,0x00000000f3300000)
 ParOldGen       total 38848K, used 22313K [0x00000000d6600000, 0x00000000d8bf0000, 0x00000000f2200000)
  object space 38848K, 57% used [0x00000000d6600000,0x00000000d7bca5d8,0x00000000d8bf0000)
 PSPermGen       total 21248K, used 10570K [0x00000000cc000000, 0x00000000cd4c0000, 0x00000000d6600000)
  object space 21248K, 49% used [0x00000000cc000000,0x00000000cca52b58,0x00000000cd4c0000)
}
Event: 3,713 GC heap before
{Heap before GC invocations=6 (full 1):
 PSYoungGen      total 16064K, used 16054K [0x00000000f2200000, 0x00000000f3440000, 0x0000000100000000)
  eden space 14784K, 99% used [0x00000000f2200000,0x00000000f306f980,0x00000000f3070000)
  from space 1280K, 99% used [0x00000000f3300000,0x00000000f343e230,0x00000000f3440000)
  to   space 1280K, 0% used [0x00000000f31c0000,0x00000000f31c0000,0x00000000f3300000)
 ParOldGen       total 65472K, used 48933K [0x00000000d6600000, 0x00000000da5f0000, 0x00000000f2200000)
  object space 65472K, 74% used [0x00000000d6600000,0x00000000d95c94a8,0x00000000da5f0000)
 PSPermGen       total 21248K, used 10577K [0x00000000cc000000, 0x00000000cd4c0000, 0x00000000d6600000)
  object space 21248K, 49% used [0x00000000cc000000,0x00000000cca544c0,0x00000000cd4c0000)
Event: 3,722 GC heap after
Heap after GC invocations=6 (full 1):
 PSYoungGen      total 17408K, used 1228K [0x00000000f2200000, 0x00000000f5390000, 0x0000000100000000)
  eden space 16128K, 0% used [0x00000000f2200000,0x00000000f2200000,0x00000000f31c0000)
  from space 1280K, 96% used [0x00000000f31c0000,0x00000000f32f3340,0x00000000f3300000)
  to   space 12160K, 0% used [0x00000000f47b0000,0x00000000f47b0000,0x00000000f5390000)
 ParOldGen       total 65472K, used 49565K [0x00000000d6600000, 0x00000000da5f0000, 0x00000000f2200000)
  object space 65472K, 75% used [0x00000000d6600000,0x00000000d96676c8,0x00000000da5f0000)
 PSPermGen       total 21248K, used 10577K [0x00000000cc000000, 0x00000000cd4c0000, 0x00000000d6600000)
  object space 21248K, 49% used [0x00000000cc000000,0x00000000cca544c0,0x00000000cd4c0000)
}
Event: 4,318 GC heap before
{Heap before GC invocations=7 (full 1):
 PSYoungGen      total 17408K, used 16503K [0x00000000f2200000, 0x00000000f5390000, 0x0000000100000000)
  eden space 16128K, 94% used [0x00000000f2200000,0x00000000f30eaa00,0x00000000f31c0000)
  from space 1280K, 96% used [0x00000000f31c0000,0x00000000f32f3340,0x00000000f3300000)
  to   space 12160K, 0% used [0x00000000f47b0000,0x00000000f47b0000,0x00000000f5390000)
 ParOldGen       total 92096K, used 76185K [0x00000000d6600000, 0x00000000dbff0000, 0x00000000f2200000)
  object space 92096K, 82% used [0x00000000d6600000,0x00000000db066598,0x00000000dbff0000)
 PSPermGen       total 21248K, used 10580K [0x00000000cc000000, 0x00000000cd4c0000, 0x00000000d6600000)
  object space 21248K, 49% used [0x00000000cc000000,0x00000000cca55360,0x00000000cd4c0000)
Event: 4,323 GC heap after
Heap after GC invocations=7 (full 1):
 PSYoungGen      total 38464K, used 605K [0x00000000f2200000, 0x00000000f5560000, 0x0000000100000000)
  eden space 26304K, 0% used [0x00000000f2200000,0x00000000f2200000,0x00000000f3bb0000)
  from space 12160K, 4% used [0x00000000f47b0000,0x00000000f4847458,0x00000000f5390000)
  to   space 12288K, 0% used [0x00000000f3bb0000,0x00000000f3bb0000,0x00000000f47b0000)
 ParOldGen       total 92096K, used 76185K [0x00000000d6600000, 0x00000000dbff0000, 0x00000000f2200000)
  object space 92096K, 82% used [0x00000000d6600000,0x00000000db066598,0x00000000dbff0000)
 PSPermGen       total 21248K, used 10580K [0x00000000cc000000, 0x00000000cd4c0000, 0x00000000d6600000)
  object space 21248K, 49% used [0x00000000cc000000,0x00000000cca55360,0x00000000cd4c0000)
}
Event: 4,522 GC heap before
{Heap before GC invocations=8 (full 1):
 PSYoungGen      total 38464K, used 26909K [0x00000000f2200000, 0x00000000f5560000, 0x0000000100000000)
  eden space 26304K, 100% used [0x00000000f2200000,0x00000000f3bb0000,0x00000000f3bb0000)
  from space 12160K, 4% used [0x00000000f47b0000,0x00000000f4847458,0x00000000f5390000)
  to   space 12288K, 0% used [0x00000000f3bb0000,0x00000000f3bb0000,0x00000000f47b0000)
 ParOldGen       total 92096K, used 76185K [0x00000000d6600000, 0x00000000dbff0000, 0x00000000f2200000)
  object space 92096K, 82% used [0x00000000d6600000,0x00000000db066598,0x00000000dbff0000)
 PSPermGen       total 21248K, used 10582K [0x00000000cc000000, 0x00000000cd4c0000, 0x00000000d6600000)
  object space 21248K, 49% used [0x00000000cc000000,0x00000000cca55860,0x00000000cd4c0000)
Event: 4,561 GC heap after
Heap after GC invocations=8 (full 1):
 PSYoungGen      total 38592K, used 10490K [0x00000000f2200000, 0x00000000f69e0000, 0x0000000100000000)
  eden space 26304K, 0% used [0x00000000f2200000,0x00000000f2200000,0x00000000f3bb0000)
  from space 12288K, 85% used [0x00000000f3bb0000,0x00000000f45eebc8,0x00000000f47b0000)
  to   space 14144K, 0% used [0x00000000f5c10000,0x00000000f5c10000,0x00000000f69e0000)
 ParOldGen       total 92096K, used 80415K [0x00000000d6600000, 0x00000000dbff0000, 0x00000000f2200000)
  object space 92096K, 87% used [0x00000000d6600000,0x00000000db487f88,0x00000000dbff0000)
 PSPermGen       total 21248K, used 10582K [0x00000000cc000000, 0x00000000cd4c0000, 0x00000000d6600000)
  object space 21248K, 49% used [0x00000000cc000000,0x00000000cca55860,0x00000000cd4c0000)
}
Event: 5,051 GC heap before
{Heap before GC invocations=9 (full 1):
 PSYoungGen      total 38592K, used 36734K [0x00000000f2200000, 0x00000000f69e0000, 0x0000000100000000)
  eden space 26304K, 99% used [0x00000000f2200000,0x00000000f3ba1010,0x00000000f3bb0000)
  from space 12288K, 85% used [0x00000000f3bb0000,0x00000000f45eebc8,0x00000000f47b0000)
  to   space 14144K, 0% used [0x00000000f5c10000,0x00000000f5c10000,0x00000000f69e0000)
 ParOldGen       total 118720K, used 107035K [0x00000000d6600000, 0x00000000dd9f0000, 0x00000000f2200000)
  object space 118720K, 90% used [0x00000000d6600000,0x00000000dce86e58,0x00000000dd9f0000)
 PSPermGen       total 21248K, used 11440K [0x00000000cc000000, 0x00000000cd4c0000, 0x00000000d6600000)
  object space 21248K, 53% used [0x00000000cc000000,0x00000000ccb2c0d8,0x00000000cd4c0000)
Event: 5,081 GC heap after
Heap after GC invocations=9 (full 1):
 PSYoungGen      total 56768K, used 14116K [0x00000000f2200000, 0x00000000f6e10000, 0x0000000100000000)
  eden space 42624K, 0% used [0x00000000f2200000,0x00000000f2200000,0x00000000f4ba0000)
  from space 14144K, 99% used [0x00000000f5c10000,0x00000000f69d9258,0x00000000f69e0000)
  to   space 16832K, 0% used [0x00000000f4ba0000,0x00000000f4ba0000,0x00000000f5c10000)
 ParOldGen       total 118720K, used 108299K [0x00000000d6600000, 0x00000000dd9f0000, 0x00000000f2200000)
  object space 118720K, 91% used [0x00000000d6600000,0x00000000dcfc2f18,0x00000000dd9f0000)
 PSPermGen       total 21248K, used 11440K [0x00000000cc000000, 0x00000000cd4c0000, 0x00000000d6600000)
  object space 21248K, 53% used [0x00000000cc000000,0x00000000ccb2c0d8,0x00000000cd4c0000)
}

