# JRE version: 7.0_25-b30
# Java VM: OpenJDK 64-Bit Server VM (23.7-b01 mixed mode linux-amd64 compressed oops)
Heap
 PSYoungGen      total 64832K, used 21541K [0x00000000f2200000, 0x00000000f9a30000, 0x0000000100000000)
  eden space 46912K, 45% used [0x00000000f2200000,0x00000000f3709578,0x00000000f4fd0000)
  from space 17920K, 0% used [0x00000000f4fd0000,0x00000000f4fd0000,0x00000000f6150000)
  to   space 20800K, 0% used [0x00000000f85e0000,0x00000000f85e0000,0x00000000f9a30000)
 ParOldGen       total 152192K, used 99992K [0x00000000d6600000, 0x00000000dfaa0000, 0x00000000f2200000)
  object space 152192K, 65% used [0x00000000d6600000,0x00000000dc7a6040,0x00000000dfaa0000)
 PSPermGen       total 24832K, used 11608K [0x00000000cc000000, 0x00000000cd840000, 0x00000000d6600000)
  object space 24832K, 46% used [0x00000000cc000000,0x00000000ccb560f0,0x00000000cd840000)
GC Heap History (10 events):
Event: 3,321 GC heap before
{Heap before GC invocations=5 (full 1):
 PSYoungGen      total 17408K, used 16668K [0x00000000f2200000, 0x00000000f4400000, 0x0000000100000000)
  eden space 16128K, 100% used [0x00000000f2200000,0x00000000f31c0000,0x00000000f31c0000)
  from space 1280K, 42% used [0x00000000f31c0000,0x00000000f3247258,0x00000000f3300000)
  to   space 1280K, 0% used [0x00000000f42c0000,0x00000000f42c0000,0x00000000f4400000)
 ParOldGen       total 74496K, used 49656K [0x00000000d6600000, 0x00000000daec0000, 0x00000000f2200000)
  object space 74496K, 66% used [0x00000000d6600000,0x00000000d967e200,0x00000000daec0000)
 PSPermGen       total 21248K, used 10562K [0x00000000cc000000, 0x00000000cd4c0000, 0x00000000d6600000)
  object space 21248K, 49% used [0x00000000cc000000,0x00000000cca50b58,0x00000000cd4c0000)
Event: 3,334 GC heap after
Heap after GC invocations=5 (full 1):
 PSYoungGen      total 29632K, used 1276K [0x00000000f2200000, 0x00000000f4400000, 0x0000000100000000)
  eden space 28352K, 0% used [0x00000000f2200000,0x00000000f2200000,0x00000000f3db0000)
  from space 1280K, 99% used [0x00000000f42c0000,0x00000000f43ff350,0x00000000f4400000)
  to   space 1280K, 0% used [0x00000000f4180000,0x00000000f4180000,0x00000000f42c0000)
 ParOldGen       total 74496K, used 49792K [0x00000000d6600000, 0x00000000daec0000, 0x00000000f2200000)
  object space 74496K, 66% used [0x00000000d6600000,0x00000000d96a0200,0x00000000daec0000)
 PSPermGen       total 21248K, used 10562K [0x00000000cc000000, 0x00000000cd4c0000, 0x00000000d6600000)
  object space 21248K, 49% used [0x00000000cc000000,0x00000000cca50b58,0x00000000cd4c0000)
}
Event: 4,014 GC heap before
{Heap before GC invocations=6 (full 1):
 PSYoungGen      total 29632K, used 29628K [0x00000000f2200000, 0x00000000f4400000, 0x0000000100000000)
  eden space 28352K, 100% used [0x00000000f2200000,0x00000000f3db0000,0x00000000f3db0000)
  from space 1280K, 99% used [0x00000000f42c0000,0x00000000f43ff350,0x00000000f4400000)
  to   space 1280K, 0% used [0x00000000f4180000,0x00000000f4180000,0x00000000f42c0000)
 ParOldGen       total 101120K, used 76412K [0x00000000d6600000, 0x00000000dc8c0000, 0x00000000f2200000)
  object space 101120K, 75% used [0x00000000d6600000,0x00000000db09f0d0,0x00000000dc8c0000)
 PSPermGen       total 21248K, used 10570K [0x00000000cc000000, 0x00000000cd4c0000, 0x00000000d6600000)
  object space 21248K, 49% used [0x00000000cc000000,0x00000000cca52a50,0x00000000cd4c0000)
Event: 4,026 GC heap after
Heap after GC invocations=6 (full 1):
 PSYoungGen      total 33536K, used 1278K [0x00000000f2200000, 0x00000000f7160000, 0x0000000100000000)
  eden space 32256K, 0% used [0x00000000f2200000,0x00000000f2200000,0x00000000f4180000)
  from space 1280K, 99% used [0x00000000f4180000,0x00000000f42bf958,0x00000000f42c0000)
  to   space 16448K, 0% used [0x00000000f6150000,0x00000000f6150000,0x00000000f7160000)
 ParOldGen       total 101120K, used 79757K [0x00000000d6600000, 0x00000000dc8c0000, 0x00000000f2200000)
  object space 101120K, 78% used [0x00000000d6600000,0x00000000db3e35c0,0x00000000dc8c0000)
 PSPermGen       total 21248K, used 10570K [0x00000000cc000000, 0x00000000cd4c0000, 0x00000000d6600000)
  object space 21248K, 49% used [0x00000000cc000000,0x00000000cca52a50,0x00000000cd4c0000)
}
Event: 4,297 GC heap before
{Heap before GC invocations=7 (full 1):
 PSYoungGen      total 33536K, used 32482K [0x00000000f2200000, 0x00000000f7160000, 0x0000000100000000)
  eden space 32256K, 96% used [0x00000000f2200000,0x00000000f40790f8,0x00000000f4180000)
  from space 1280K, 99% used [0x00000000f4180000,0x00000000f42bf958,0x00000000f42c0000)
  to   space 16448K, 0% used [0x00000000f6150000,0x00000000f6150000,0x00000000f7160000)
 ParOldGen       total 101120K, used 79757K [0x00000000d6600000, 0x00000000dc8c0000, 0x00000000f2200000)
  object space 101120K, 78% used [0x00000000d6600000,0x00000000db3e35c0,0x00000000dc8c0000)
 PSPermGen       total 21248K, used 10571K [0x00000000cc000000, 0x00000000cd4c0000, 0x00000000d6600000)
  object space 21248K, 49% used [0x00000000cc000000,0x00000000cca52c88,0x00000000cd4c0000)
Event: 4,319 GC heap after
Heap after GC invocations=7 (full 1):
 PSYoungGen      total 63360K, used 11394K [0x00000000f2200000, 0x00000000f79e0000, 0x0000000100000000)
  eden space 46912K, 0% used [0x00000000f2200000,0x00000000f2200000,0x00000000f4fd0000)
  from space 16448K, 69% used [0x00000000f6150000,0x00000000f6c709d8,0x00000000f7160000)
  to   space 17920K, 0% used [0x00000000f4fd0000,0x00000000f4fd0000,0x00000000f6150000)
 ParOldGen       total 101120K, used 79757K [0x00000000d6600000, 0x00000000dc8c0000, 0x00000000f2200000)
  object space 101120K, 78% used [0x00000000d6600000,0x00000000db3e35c0,0x00000000dc8c0000)
 PSPermGen       total 21248K, used 10571K [0x00000000cc000000, 0x00000000cd4c0000, 0x00000000d6600000)
  object space 21248K, 49% used [0x00000000cc000000,0x00000000cca52c88,0x00000000cd4c0000)
}
Event: 4,600 GC heap before
{Heap before GC invocations=8 (full 1):
 PSYoungGen      total 63360K, used 54491K [0x00000000f2200000, 0x00000000f79e0000, 0x0000000100000000)
  eden space 46912K, 91% used [0x00000000f2200000,0x00000000f4c16288,0x00000000f4fd0000)
  from space 16448K, 69% used [0x00000000f6150000,0x00000000f6c709d8,0x00000000f7160000)
  to   space 17920K, 0% used [0x00000000f4fd0000,0x00000000f4fd0000,0x00000000f6150000)
 ParOldGen       total 101120K, used 79757K [0x00000000d6600000, 0x00000000dc8c0000, 0x00000000f2200000)
  object space 101120K, 78% used [0x00000000d6600000,0x00000000db3e35c0,0x00000000dc8c0000)
 PSPermGen       total 21248K, used 11559K [0x00000000cc000000, 0x00000000cd4c0000, 0x00000000d6600000)
  object space 21248K, 54% used [0x00000000cc000000,0x00000000ccb49ef8,0x00000000cd4c0000)
Event: 4,730 GC heap after
Heap after GC invocations=8 (full 1):
 PSYoungGen      total 64832K, used 15691K [0x00000000f2200000, 0x00000000f9a30000, 0x0000000100000000)
  eden space 46912K, 0% used [0x00000000f2200000,0x00000000f2200000,0x00000000f4fd0000)
  from space 17920K, 87% used [0x00000000f4fd0000,0x00000000f5f22c60,0x00000000f6150000)
  to   space 20800K, 0% used [0x00000000f85e0000,0x00000000f85e0000,0x00000000f9a30000)
 ParOldGen       total 154368K, used 137624K [0x00000000d6600000, 0x00000000dfcc0000, 0x00000000f2200000)
  object space 154368K, 89% used [0x00000000d6600000,0x00000000dec660c8,0x00000000dfcc0000)
 PSPermGen       total 21248K, used 11559K [0x00000000cc000000, 0x00000000cd4c0000, 0x00000000d6600000)
  object space 21248K, 54% used [0x00000000cc000000,0x00000000ccb49ef8,0x00000000cd4c0000)
}
Event: 4,730 GC heap before
{Heap before GC invocations=9 (full 2):
 PSYoungGen      total 64832K, used 15691K [0x00000000f2200000, 0x00000000f9a30000, 0x0000000100000000)
  eden space 46912K, 0% used [0x00000000f2200000,0x00000000f2200000,0x00000000f4fd0000)
  from space 17920K, 87% used [0x00000000f4fd0000,0x00000000f5f22c60,0x00000000f6150000)
  to   space 20800K, 0% used [0x00000000f85e0000,0x00000000f85e0000,0x00000000f9a30000)
 ParOldGen       total 154368K, used 137624K [0x00000000d6600000, 0x00000000dfcc0000, 0x00000000f2200000)
  object space 154368K, 89% used [0x00000000d6600000,0x00000000dec660c8,0x00000000dfcc0000)
 PSPermGen       total 21248K, used 11559K [0x00000000cc000000, 0x00000000cd4c0000, 0x00000000d6600000)
  object space 21248K, 54% used [0x00000000cc000000,0x00000000ccb49ef8,0x00000000cd4c0000)
Event: 4,900 GC heap after
Heap after GC invocations=9 (full 2):
 PSYoungGen      total 64832K, used 0K [0x00000000f2200000, 0x00000000f9a30000, 0x0000000100000000)
  eden space 46912K, 0% used [0x00000000f2200000,0x00000000f2200000,0x00000000f4fd0000)
  from space 17920K, 0% used [0x00000000f4fd0000,0x00000000f4fd0000,0x00000000f6150000)
  to   space 20800K, 0% used [0x00000000f85e0000,0x00000000f85e0000,0x00000000f9a30000)
 ParOldGen       total 152192K, used 99992K [0x00000000d6600000, 0x00000000dfaa0000, 0x00000000f2200000)
  object space 152192K, 65% used [0x00000000d6600000,0x00000000dc7a6040,0x00000000dfaa0000)
 PSPermGen       total 24832K, used 11559K [0x00000000cc000000, 0x00000000cd840000, 0x00000000d6600000)
  object space 24832K, 46% used [0x00000000cc000000,0x00000000ccb49d80,0x00000000cd840000)
}

