# JRE version: 7.0_25-b30
# Java VM: OpenJDK 64-Bit Server VM (23.7-b01 mixed mode linux-amd64 compressed oops)
Heap
 PSYoungGen      total 60352K, used 25234K [0x00000000f2200000, 0x00000000f83c0000, 0x0000000100000000)
  eden space 42944K, 58% used [0x00000000f2200000,0x00000000f3aa4978,0x00000000f4bf0000)
  from space 17408K, 0% used [0x00000000f4bf0000,0x00000000f4bf0000,0x00000000f5cf0000)
  to   space 20480K, 0% used [0x00000000f6fc0000,0x00000000f6fc0000,0x00000000f83c0000)
 ParOldGen       total 129344K, used 104371K [0x00000000d6600000, 0x00000000de450000, 0x00000000f2200000)
  object space 129344K, 80% used [0x00000000d6600000,0x00000000dcbecf98,0x00000000de450000)
 PSPermGen       total 22208K, used 10678K [0x00000000cc000000, 0x00000000cd5b0000, 0x00000000d6600000)
  object space 22208K, 48% used [0x00000000cc000000,0x00000000cca6d8d0,0x00000000cd5b0000)
GC Heap History (10 events):
Event: 5,164 GC heap before
{Heap before GC invocations=8 (full 2):
 PSYoungGen      total 16960K, used 15418K [0x00000000f2200000, 0x00000000f53d0000, 0x0000000100000000)
  eden space 15680K, 92% used [0x00000000f2200000,0x00000000f3033510,0x00000000f3150000)
  from space 1280K, 68% used [0x00000000f3150000,0x00000000f322b340,0x00000000f3290000)
  to   space 11712K, 0% used [0x00000000f4860000,0x00000000f4860000,0x00000000f53d0000)
 ParOldGen       total 96512K, used 78587K [0x00000000d6600000, 0x00000000dc440000, 0x00000000f2200000)
  object space 96512K, 81% used [0x00000000d6600000,0x00000000db2bed30,0x00000000dc440000)
 PSPermGen       total 22848K, used 10076K [0x00000000cc000000, 0x00000000cd650000, 0x00000000d6600000)
  object space 22848K, 44% used [0x00000000cc000000,0x00000000cc9d71e8,0x00000000cd650000)
Event: 5,165 GC heap after
Heap after GC invocations=8 (full 2):
 PSYoungGen      total 38784K, used 253K [0x00000000f2200000, 0x00000000f5410000, 0x0000000100000000)
  eden space 27072K, 0% used [0x00000000f2200000,0x00000000f2200000,0x00000000f3c70000)
  from space 11712K, 2% used [0x00000000f4860000,0x00000000f489f458,0x00000000f53d0000)
  to   space 12096K, 0% used [0x00000000f3c70000,0x00000000f3c70000,0x00000000f4840000)
 ParOldGen       total 96512K, used 78587K [0x00000000d6600000, 0x00000000dc440000, 0x00000000f2200000)
  object space 96512K, 81% used [0x00000000d6600000,0x00000000db2bed30,0x00000000dc440000)
 PSPermGen       total 22848K, used 10076K [0x00000000cc000000, 0x00000000cd650000, 0x00000000d6600000)
  object space 22848K, 44% used [0x00000000cc000000,0x00000000cc9d71e8,0x00000000cd650000)
}
Event: 5,408 GC heap before
{Heap before GC invocations=9 (full 2):
 PSYoungGen      total 38784K, used 27325K [0x00000000f2200000, 0x00000000f5410000, 0x0000000100000000)
  eden space 27072K, 100% used [0x00000000f2200000,0x00000000f3c70000,0x00000000f3c70000)
  from space 11712K, 2% used [0x00000000f4860000,0x00000000f489f458,0x00000000f53d0000)
  to   space 12096K, 0% used [0x00000000f3c70000,0x00000000f3c70000,0x00000000f4840000)
 ParOldGen       total 96512K, used 78587K [0x00000000d6600000, 0x00000000dc440000, 0x00000000f2200000)
  object space 96512K, 81% used [0x00000000d6600000,0x00000000db2bed30,0x00000000dc440000)
 PSPermGen       total 22848K, used 10078K [0x00000000cc000000, 0x00000000cd650000, 0x00000000d6600000)
  object space 22848K, 44% used [0x00000000cc000000,0x00000000cc9d7878,0x00000000cd650000)
Event: 5,445 GC heap after
Heap after GC invocations=9 (full 2):
 PSYoungGen      total 39168K, used 10482K [0x00000000f2200000, 0x00000000f6a80000, 0x0000000100000000)
  eden space 27072K, 0% used [0x00000000f2200000,0x00000000f2200000,0x00000000f3c70000)
  from space 12096K, 86% used [0x00000000f3c70000,0x00000000f46ac980,0x00000000f4840000)
  to   space 13888K, 0% used [0x00000000f5cf0000,0x00000000f5cf0000,0x00000000f6a80000)
 ParOldGen       total 96512K, used 82817K [0x00000000d6600000, 0x00000000dc440000, 0x00000000f2200000)
  object space 96512K, 85% used [0x00000000d6600000,0x00000000db6e0720,0x00000000dc440000)
 PSPermGen       total 22848K, used 10078K [0x00000000cc000000, 0x00000000cd650000, 0x00000000d6600000)
  object space 22848K, 44% used [0x00000000cc000000,0x00000000cc9d7878,0x00000000cd650000)
}
Event: 5,891 GC heap before
{Heap before GC invocations=10 (full 2):
 PSYoungGen      total 39168K, used 36174K [0x00000000f2200000, 0x00000000f6a80000, 0x0000000100000000)
  eden space 27072K, 94% used [0x00000000f2200000,0x00000000f3b16f30,0x00000000f3c70000)
  from space 12096K, 86% used [0x00000000f3c70000,0x00000000f46ac980,0x00000000f4840000)
  to   space 13888K, 0% used [0x00000000f5cf0000,0x00000000f5cf0000,0x00000000f6a80000)
 ParOldGen       total 123136K, used 109437K [0x00000000d6600000, 0x00000000dde40000, 0x00000000f2200000)
  object space 123136K, 88% used [0x00000000d6600000,0x00000000dd0df5f0,0x00000000dde40000)
 PSPermGen       total 22848K, used 10412K [0x00000000cc000000, 0x00000000cd650000, 0x00000000d6600000)
  object space 22848K, 45% used [0x00000000cc000000,0x00000000cca2b168,0x00000000cd650000)
Event: 5,933 GC heap after
Heap after GC invocations=10 (full 2):
 PSYoungGen      total 56832K, used 13867K [0x00000000f2200000, 0x00000000f70c0000, 0x0000000100000000)
  eden space 42944K, 0% used [0x00000000f2200000,0x00000000f2200000,0x00000000f4bf0000)
  from space 13888K, 99% used [0x00000000f5cf0000,0x00000000f6a7ad28,0x00000000f6a80000)
  to   space 17408K, 0% used [0x00000000f4bf0000,0x00000000f4bf0000,0x00000000f5cf0000)
 ParOldGen       total 123136K, used 111532K [0x00000000d6600000, 0x00000000dde40000, 0x00000000f2200000)
  object space 123136K, 90% used [0x00000000d6600000,0x00000000dd2eb3e0,0x00000000dde40000)
 PSPermGen       total 22848K, used 10412K [0x00000000cc000000, 0x00000000cd650000, 0x00000000d6600000)
  object space 22848K, 45% used [0x00000000cc000000,0x00000000cca2b168,0x00000000cd650000)
}
Event: 57,920 GC heap before
{Heap before GC invocations=11 (full 2):
 PSYoungGen      total 56832K, used 56811K [0x00000000f2200000, 0x00000000f70c0000, 0x0000000100000000)
  eden space 42944K, 100% used [0x00000000f2200000,0x00000000f4bf0000,0x00000000f4bf0000)
  from space 13888K, 99% used [0x00000000f5cf0000,0x00000000f6a7ad28,0x00000000f6a80000)
  to   space 17408K, 0% used [0x00000000f4bf0000,0x00000000f4bf0000,0x00000000f5cf0000)
 ParOldGen       total 123136K, used 111532K [0x00000000d6600000, 0x00000000dde40000, 0x00000000f2200000)
  object space 123136K, 90% used [0x00000000d6600000,0x00000000dd2eb3e0,0x00000000dde40000)
 PSPermGen       total 22848K, used 10675K [0x00000000cc000000, 0x00000000cd650000, 0x00000000d6600000)
  object space 22848K, 46% used [0x00000000cc000000,0x00000000cca6cf28,0x00000000cd650000)
Event: 57,988 GC heap after
Heap after GC invocations=11 (full 2):
 PSYoungGen      total 60352K, used 17343K [0x00000000f2200000, 0x00000000f83c0000, 0x0000000100000000)
  eden space 42944K, 0% used [0x00000000f2200000,0x00000000f2200000,0x00000000f4bf0000)
  from space 17408K, 99% used [0x00000000f4bf0000,0x00000000f5cdfd20,0x00000000f5cf0000)
  to   space 20480K, 0% used [0x00000000f6fc0000,0x00000000f6fc0000,0x00000000f83c0000)
 ParOldGen       total 127424K, used 124240K [0x00000000d6600000, 0x00000000de270000, 0x00000000f2200000)
  object space 127424K, 97% used [0x00000000d6600000,0x00000000ddf541b0,0x00000000de270000)
 PSPermGen       total 22848K, used 10675K [0x00000000cc000000, 0x00000000cd650000, 0x00000000d6600000)
  object space 22848K, 46% used [0x00000000cc000000,0x00000000cca6cf28,0x00000000cd650000)
}
Event: 57,988 GC heap before
{Heap before GC invocations=12 (full 3):
 PSYoungGen      total 60352K, used 17343K [0x00000000f2200000, 0x00000000f83c0000, 0x0000000100000000)
  eden space 42944K, 0% used [0x00000000f2200000,0x00000000f2200000,0x00000000f4bf0000)
  from space 17408K, 99% used [0x00000000f4bf0000,0x00000000f5cdfd20,0x00000000f5cf0000)
  to   space 20480K, 0% used [0x00000000f6fc0000,0x00000000f6fc0000,0x00000000f83c0000)
 ParOldGen       total 127424K, used 124240K [0x00000000d6600000, 0x00000000de270000, 0x00000000f2200000)
  object space 127424K, 97% used [0x00000000d6600000,0x00000000ddf541b0,0x00000000de270000)
 PSPermGen       total 22848K, used 10675K [0x00000000cc000000, 0x00000000cd650000, 0x00000000d6600000)
  object space 22848K, 46% used [0x00000000cc000000,0x00000000cca6cf28,0x00000000cd650000)
Event: 58,160 GC heap after
Heap after GC invocations=12 (full 3):
 PSYoungGen      total 60352K, used 0K [0x00000000f2200000, 0x00000000f83c0000, 0x0000000100000000)
  eden space 42944K, 0% used [0x00000000f2200000,0x00000000f2200000,0x00000000f4bf0000)
  from space 17408K, 0% used [0x00000000f4bf0000,0x00000000f4bf0000,0x00000000f5cf0000)
  to   space 20480K, 0% used [0x00000000f6fc0000,0x00000000f6fc0000,0x00000000f83c0000)
 ParOldGen       total 129344K, used 104371K [0x00000000d6600000, 0x00000000de450000, 0x00000000f2200000)
  object space 129344K, 80% used [0x00000000d6600000,0x00000000dcbecf98,0x00000000de450000)
 PSPermGen       total 22208K, used 10675K [0x00000000cc000000, 0x00000000cd5b0000, 0x00000000d6600000)
  object space 22208K, 48% used [0x00000000cc000000,0x00000000cca6ce00,0x00000000cd5b0000)
}

