# JRE version: 7.0_25-b30
# Java VM: OpenJDK 64-Bit Server VM (23.7-b01 mixed mode linux-amd64 compressed oops)
Heap
 PSYoungGen      total 62016K, used 13295K [0x00000000f2200000, 0x00000000f9570000, 0x0000000100000000)
  eden space 44864K, 29% used [0x00000000f2200000,0x00000000f2efbd38,0x00000000f4dd0000)
  from space 17152K, 0% used [0x00000000f4dd0000,0x00000000f4dd0000,0x00000000f5e90000)
  to   space 20096K, 0% used [0x00000000f81d0000,0x00000000f81d0000,0x00000000f9570000)
 ParOldGen       total 150656K, used 99271K [0x00000000d6600000, 0x00000000df920000, 0x00000000f2200000)
  object space 150656K, 65% used [0x00000000d6600000,0x00000000dc6f1ee8,0x00000000df920000)
 PSPermGen       total 22272K, used 10644K [0x00000000cc000000, 0x00000000cd5c0000, 0x00000000d6600000)
  object space 22272K, 47% used [0x00000000cc000000,0x00000000cca65348,0x00000000cd5c0000)
GC Heap History (10 events):
Event: 3,499 GC heap before
{Heap before GC invocations=6 (full 2):
 PSYoungGen      total 17408K, used 16124K [0x00000000f2200000, 0x00000000f42a0000, 0x0000000100000000)
  eden space 16128K, 99% used [0x00000000f2200000,0x00000000f31bf3d0,0x00000000f31c0000)
  from space 1280K, 0% used [0x00000000f31c0000,0x00000000f31c0000,0x00000000f3300000)
  to   space 1280K, 0% used [0x00000000f4160000,0x00000000f4160000,0x00000000f42a0000)
 ParOldGen       total 75328K, used 50163K [0x00000000d6600000, 0x00000000daf90000, 0x00000000f2200000)
  object space 75328K, 66% used [0x00000000d6600000,0x00000000d96fcc20,0x00000000daf90000)
 PSPermGen       total 22848K, used 10070K [0x00000000cc000000, 0x00000000cd650000, 0x00000000d6600000)
  object space 22848K, 44% used [0x00000000cc000000,0x00000000cc9d5ad0,0x00000000cd650000)
Event: 3,505 GC heap after
Heap after GC invocations=6 (full 2):
 PSYoungGen      total 28736K, used 876K [0x00000000f2200000, 0x00000000f4240000, 0x0000000100000000)
  eden space 27840K, 0% used [0x00000000f2200000,0x00000000f2200000,0x00000000f3d30000)
  from space 896K, 97% used [0x00000000f4160000,0x00000000f423b340,0x00000000f4240000)
  to   space 1280K, 0% used [0x00000000f3fc0000,0x00000000f3fc0000,0x00000000f4100000)
 ParOldGen       total 75328K, used 51967K [0x00000000d6600000, 0x00000000daf90000, 0x00000000f2200000)
  object space 75328K, 68% used [0x00000000d6600000,0x00000000d98bff70,0x00000000daf90000)
 PSPermGen       total 22848K, used 10070K [0x00000000cc000000, 0x00000000cd650000, 0x00000000d6600000)
  object space 22848K, 44% used [0x00000000cc000000,0x00000000cc9d5ad0,0x00000000cd650000)
}
Event: 4,155 GC heap before
{Heap before GC invocations=7 (full 2):
 PSYoungGen      total 28736K, used 28702K [0x00000000f2200000, 0x00000000f4240000, 0x0000000100000000)
  eden space 27840K, 99% used [0x00000000f2200000,0x00000000f3d2c708,0x00000000f3d30000)
  from space 896K, 97% used [0x00000000f4160000,0x00000000f423b340,0x00000000f4240000)
  to   space 1280K, 0% used [0x00000000f3fc0000,0x00000000f3fc0000,0x00000000f4100000)
 ParOldGen       total 101952K, used 78587K [0x00000000d6600000, 0x00000000dc990000, 0x00000000f2200000)
  object space 101952K, 77% used [0x00000000d6600000,0x00000000db2bee40,0x00000000dc990000)
 PSPermGen       total 22848K, used 10078K [0x00000000cc000000, 0x00000000cd650000, 0x00000000d6600000)
  object space 22848K, 44% used [0x00000000cc000000,0x00000000cc9d7878,0x00000000cd650000)
Event: 4,167 GC heap after
Heap after GC invocations=7 (full 2):
 PSYoungGen      total 31744K, used 1255K [0x00000000f2200000, 0x00000000f6da0000, 0x0000000100000000)
  eden space 30464K, 0% used [0x00000000f2200000,0x00000000f2200000,0x00000000f3fc0000)
  from space 1280K, 98% used [0x00000000f3fc0000,0x00000000f40f9ee0,0x00000000f4100000)
  to   space 15424K, 0% used [0x00000000f5e90000,0x00000000f5e90000,0x00000000f6da0000)
 ParOldGen       total 101952K, used 81381K [0x00000000d6600000, 0x00000000dc990000, 0x00000000f2200000)
  object space 101952K, 79% used [0x00000000d6600000,0x00000000db5794a8,0x00000000dc990000)
 PSPermGen       total 22848K, used 10078K [0x00000000cc000000, 0x00000000cd650000, 0x00000000d6600000)
  object space 22848K, 44% used [0x00000000cc000000,0x00000000cc9d7878,0x00000000cd650000)
}
Event: 4,398 GC heap before
{Heap before GC invocations=8 (full 2):
 PSYoungGen      total 31744K, used 31719K [0x00000000f2200000, 0x00000000f6da0000, 0x0000000100000000)
  eden space 30464K, 100% used [0x00000000f2200000,0x00000000f3fc0000,0x00000000f3fc0000)
  from space 1280K, 98% used [0x00000000f3fc0000,0x00000000f40f9ee0,0x00000000f4100000)
  to   space 15424K, 0% used [0x00000000f5e90000,0x00000000f5e90000,0x00000000f6da0000)
 ParOldGen       total 101952K, used 81381K [0x00000000d6600000, 0x00000000dc990000, 0x00000000f2200000)
  object space 101952K, 79% used [0x00000000d6600000,0x00000000db5794a8,0x00000000dc990000)
 PSPermGen       total 22848K, used 10078K [0x00000000cc000000, 0x00000000cd650000, 0x00000000d6600000)
  object space 22848K, 44% used [0x00000000cc000000,0x00000000cc9d7878,0x00000000cd650000)
Event: 4,417 GC heap after
Heap after GC invocations=8 (full 2):
 PSYoungGen      total 60288K, used 12011K [0x00000000f2200000, 0x00000000f7470000, 0x0000000100000000)
  eden space 44864K, 0% used [0x00000000f2200000,0x00000000f2200000,0x00000000f4dd0000)
  from space 15424K, 77% used [0x00000000f5e90000,0x00000000f6a4af08,0x00000000f6da0000)
  to   space 17152K, 0% used [0x00000000f4dd0000,0x00000000f4dd0000,0x00000000f5e90000)
 ParOldGen       total 101952K, used 81381K [0x00000000d6600000, 0x00000000dc990000, 0x00000000f2200000)
  object space 101952K, 79% used [0x00000000d6600000,0x00000000db5794a8,0x00000000dc990000)
 PSPermGen       total 22848K, used 10078K [0x00000000cc000000, 0x00000000cd650000, 0x00000000d6600000)
  object space 22848K, 44% used [0x00000000cc000000,0x00000000cc9d7878,0x00000000cd650000)
}
Event: 4,650 GC heap before
{Heap before GC invocations=9 (full 2):
 PSYoungGen      total 60288K, used 54732K [0x00000000f2200000, 0x00000000f7470000, 0x0000000100000000)
  eden space 44864K, 95% used [0x00000000f2200000,0x00000000f4bb83a0,0x00000000f4dd0000)
  from space 15424K, 77% used [0x00000000f5e90000,0x00000000f6a4af08,0x00000000f6da0000)
  to   space 17152K, 0% used [0x00000000f4dd0000,0x00000000f4dd0000,0x00000000f5e90000)
 ParOldGen       total 101952K, used 81381K [0x00000000d6600000, 0x00000000dc990000, 0x00000000f2200000)
  object space 101952K, 79% used [0x00000000d6600000,0x00000000db5794a8,0x00000000dc990000)
 PSPermGen       total 22848K, used 10390K [0x00000000cc000000, 0x00000000cd650000, 0x00000000d6600000)
  object space 22848K, 45% used [0x00000000cc000000,0x00000000cca25970,0x00000000cd650000)
Event: 4,821 GC heap after
Heap after GC invocations=9 (full 2):
 PSYoungGen      total 62016K, used 15790K [0x00000000f2200000, 0x00000000f9570000, 0x0000000100000000)
  eden space 44864K, 0% used [0x00000000f2200000,0x00000000f2200000,0x00000000f4dd0000)
  from space 17152K, 92% used [0x00000000f4dd0000,0x00000000f5d3b9d8,0x00000000f5e90000)
  to   space 20096K, 0% used [0x00000000f81d0000,0x00000000f81d0000,0x00000000f9570000)
 ParOldGen       total 155200K, used 138851K [0x00000000d6600000, 0x00000000dfd90000, 0x00000000f2200000)
  object space 155200K, 89% used [0x00000000d6600000,0x00000000ded98c38,0x00000000dfd90000)
 PSPermGen       total 22848K, used 10390K [0x00000000cc000000, 0x00000000cd650000, 0x00000000d6600000)
  object space 22848K, 45% used [0x00000000cc000000,0x00000000cca25970,0x00000000cd650000)
}
Event: 4,821 GC heap before
{Heap before GC invocations=10 (full 3):
 PSYoungGen      total 62016K, used 15790K [0x00000000f2200000, 0x00000000f9570000, 0x0000000100000000)
  eden space 44864K, 0% used [0x00000000f2200000,0x00000000f2200000,0x00000000f4dd0000)
  from space 17152K, 92% used [0x00000000f4dd0000,0x00000000f5d3b9d8,0x00000000f5e90000)
  to   space 20096K, 0% used [0x00000000f81d0000,0x00000000f81d0000,0x00000000f9570000)
 ParOldGen       total 155200K, used 138851K [0x00000000d6600000, 0x00000000dfd90000, 0x00000000f2200000)
  object space 155200K, 89% used [0x00000000d6600000,0x00000000ded98c38,0x00000000dfd90000)
 PSPermGen       total 22848K, used 10390K [0x00000000cc000000, 0x00000000cd650000, 0x00000000d6600000)
  object space 22848K, 45% used [0x00000000cc000000,0x00000000cca25970,0x00000000cd650000)
Event: 4,986 GC heap after
Heap after GC invocations=10 (full 3):
 PSYoungGen      total 62016K, used 0K [0x00000000f2200000, 0x00000000f9570000, 0x0000000100000000)
  eden space 44864K, 0% used [0x00000000f2200000,0x00000000f2200000,0x00000000f4dd0000)
  from space 17152K, 0% used [0x00000000f4dd0000,0x00000000f4dd0000,0x00000000f5e90000)
  to   space 20096K, 0% used [0x00000000f81d0000,0x00000000f81d0000,0x00000000f9570000)
 ParOldGen       total 150656K, used 99271K [0x00000000d6600000, 0x00000000df920000, 0x00000000f2200000)
  object space 150656K, 65% used [0x00000000d6600000,0x00000000dc6f1ee8,0x00000000df920000)
 PSPermGen       total 22272K, used 10390K [0x00000000cc000000, 0x00000000cd5c0000, 0x00000000d6600000)
  object space 22272K, 46% used [0x00000000cc000000,0x00000000cca258c8,0x00000000cd5c0000)
}

