# JRE version: 7.0_25-b30
# Java VM: OpenJDK 64-Bit Server VM (23.7-b01 mixed mode linux-amd64 compressed oops)
Heap
 PSYoungGen      total 52352K, used 9022K [0x00000000f2200000, 0x00000000f6840000, 0x0000000100000000)
  eden space 32704K, 0% used [0x00000000f2200000,0x00000000f22339a0,0x00000000f41f0000)
  from space 19648K, 44% used [0x00000000f41f0000,0x00000000f4a8bf48,0x00000000f5520000)
  to   space 18688K, 0% used [0x00000000f5600000,0x00000000f5600000,0x00000000f6840000)
 ParOldGen       total 175104K, used 107257K [0x00000000d6600000, 0x00000000e1100000, 0x00000000f2200000)
  object space 175104K, 61% used [0x00000000d6600000,0x00000000dcebe638,0x00000000e1100000)
 PSPermGen       total 27904K, used 13950K [0x00000000cc000000, 0x00000000cdb40000, 0x00000000d6600000)
  object space 27904K, 49% used [0x00000000cc000000,0x00000000ccd9f828,0x00000000cdb40000)
GC Heap History (10 events):
Event: 29,172 GC heap before
{Heap before GC invocations=15 (full 4):
 PSYoungGen      total 50304K, used 36234K [0x00000000f2200000, 0x00000000f6cf0000, 0x0000000100000000)
  eden space 27328K, 100% used [0x00000000f2200000,0x00000000f3cb0000,0x00000000f3cb0000)
  from space 22976K, 38% used [0x00000000f5680000,0x00000000f5f32a60,0x00000000f6cf0000)
  to   space 24704K, 0% used [0x00000000f3cb0000,0x00000000f3cb0000,0x00000000f54d0000)
 ParOldGen       total 175104K, used 107250K [0x00000000d6600000, 0x00000000e1100000, 0x00000000f2200000)
  object space 175104K, 61% used [0x00000000d6600000,0x00000000dcebca20,0x00000000e1100000)
 PSPermGen       total 27904K, used 13943K [0x00000000cc000000, 0x00000000cdb40000, 0x00000000d6600000)
  object space 27904K, 49% used [0x00000000cc000000,0x00000000ccd9df08,0x00000000cdb40000)
Event: 29,185 GC heap after
Heap after GC invocations=15 (full 4):
 PSYoungGen      total 52032K, used 8815K [0x00000000f2200000, 0x00000000f6de0000, 0x0000000100000000)
  eden space 27328K, 0% used [0x00000000f2200000,0x00000000f2200000,0x00000000f3cb0000)
  from space 24704K, 35% used [0x00000000f3cb0000,0x00000000f454bf48,0x00000000f54d0000)
  to   space 23232K, 0% used [0x00000000f5730000,0x00000000f5730000,0x00000000f6de0000)
 ParOldGen       total 175104K, used 107250K [0x00000000d6600000, 0x00000000e1100000, 0x00000000f2200000)
  object space 175104K, 61% used [0x00000000d6600000,0x00000000dcebca20,0x00000000e1100000)
 PSPermGen       total 27904K, used 13943K [0x00000000cc000000, 0x00000000cdb40000, 0x00000000d6600000)
  object space 27904K, 49% used [0x00000000cc000000,0x00000000ccd9df08,0x00000000cdb40000)
}
Event: 38,018 GC heap before
{Heap before GC invocations=16 (full 4):
 PSYoungGen      total 52032K, used 36143K [0x00000000f2200000, 0x00000000f6de0000, 0x0000000100000000)
  eden space 27328K, 100% used [0x00000000f2200000,0x00000000f3cb0000,0x00000000f3cb0000)
  from space 24704K, 35% used [0x00000000f3cb0000,0x00000000f454bf48,0x00000000f54d0000)
  to   space 23232K, 0% used [0x00000000f5730000,0x00000000f5730000,0x00000000f6de0000)
 ParOldGen       total 175104K, used 107253K [0x00000000d6600000, 0x00000000e1100000, 0x00000000f2200000)
  object space 175104K, 61% used [0x00000000d6600000,0x00000000dcebd788,0x00000000e1100000)
 PSPermGen       total 27904K, used 13945K [0x00000000cc000000, 0x00000000cdb40000, 0x00000000d6600000)
  object space 27904K, 49% used [0x00000000cc000000,0x00000000ccd9e4d0,0x00000000cdb40000)
Event: 38,026 GC heap after
Heap after GC invocations=16 (full 4):
 PSYoungGen      total 50368K, used 8815K [0x00000000f2200000, 0x00000000f6aa0000, 0x0000000100000000)
  eden space 30464K, 0% used [0x00000000f2200000,0x00000000f2200000,0x00000000f3fc0000)
  from space 19904K, 44% used [0x00000000f5730000,0x00000000f5fcbf48,0x00000000f6aa0000)
  to   space 21952K, 0% used [0x00000000f3fc0000,0x00000000f3fc0000,0x00000000f5530000)
 ParOldGen       total 175104K, used 107253K [0x00000000d6600000, 0x00000000e1100000, 0x00000000f2200000)
  object space 175104K, 61% used [0x00000000d6600000,0x00000000dcebd788,0x00000000e1100000)
 PSPermGen       total 27904K, used 13945K [0x00000000cc000000, 0x00000000cdb40000, 0x00000000d6600000)
  object space 27904K, 49% used [0x00000000cc000000,0x00000000ccd9e4d0,0x00000000cdb40000)
}
Event: 42,580 GC heap before
{Heap before GC invocations=17 (full 4):
 PSYoungGen      total 50368K, used 39279K [0x00000000f2200000, 0x00000000f6aa0000, 0x0000000100000000)
  eden space 30464K, 100% used [0x00000000f2200000,0x00000000f3fc0000,0x00000000f3fc0000)
  from space 19904K, 44% used [0x00000000f5730000,0x00000000f5fcbf48,0x00000000f6aa0000)
  to   space 21952K, 0% used [0x00000000f3fc0000,0x00000000f3fc0000,0x00000000f5530000)
 ParOldGen       total 175104K, used 107254K [0x00000000d6600000, 0x00000000e1100000, 0x00000000f2200000)
  object space 175104K, 61% used [0x00000000d6600000,0x00000000dcebda08,0x00000000e1100000)
 PSPermGen       total 27904K, used 13947K [0x00000000cc000000, 0x00000000cdb40000, 0x00000000d6600000)
  object space 27904K, 49% used [0x00000000cc000000,0x00000000ccd9efd0,0x00000000cdb40000)
Event: 42,590 GC heap after
Heap after GC invocations=17 (full 4):
 PSYoungGen      total 52416K, used 8783K [0x00000000f2200000, 0x00000000f6b00000, 0x0000000100000000)
  eden space 30464K, 0% used [0x00000000f2200000,0x00000000f2200000,0x00000000f3fc0000)
  from space 21952K, 40% used [0x00000000f3fc0000,0x00000000f4853f48,0x00000000f5530000)
  to   space 20736K, 0% used [0x00000000f56c0000,0x00000000f56c0000,0x00000000f6b00000)
 ParOldGen       total 175104K, used 107254K [0x00000000d6600000, 0x00000000e1100000, 0x00000000f2200000)
  object space 175104K, 61% used [0x00000000d6600000,0x00000000dcebda08,0x00000000e1100000)
 PSPermGen       total 27904K, used 13947K [0x00000000cc000000, 0x00000000cdb40000, 0x00000000d6600000)
  object space 27904K, 49% used [0x00000000cc000000,0x00000000ccd9efd0,0x00000000cdb40000)
}
Event: 48,384 GC heap before
{Heap before GC invocations=18 (full 4):
 PSYoungGen      total 52416K, used 39247K [0x00000000f2200000, 0x00000000f6b00000, 0x0000000100000000)
  eden space 30464K, 100% used [0x00000000f2200000,0x00000000f3fc0000,0x00000000f3fc0000)
  from space 21952K, 40% used [0x00000000f3fc0000,0x00000000f4853f48,0x00000000f5530000)
  to   space 20736K, 0% used [0x00000000f56c0000,0x00000000f56c0000,0x00000000f6b00000)
 ParOldGen       total 175104K, used 107257K [0x00000000d6600000, 0x00000000e1100000, 0x00000000f2200000)
  object space 175104K, 61% used [0x00000000d6600000,0x00000000dcebe618,0x00000000e1100000)
 PSPermGen       total 27904K, used 13948K [0x00000000cc000000, 0x00000000cdb40000, 0x00000000d6600000)
  object space 27904K, 49% used [0x00000000cc000000,0x00000000ccd9f378,0x00000000cdb40000)
Event: 48,391 GC heap after
Heap after GC invocations=18 (full 4):
 PSYoungGen      total 50688K, used 8783K [0x00000000f2200000, 0x00000000f6850000, 0x0000000100000000)
  eden space 32704K, 0% used [0x00000000f2200000,0x00000000f2200000,0x00000000f41f0000)
  from space 17984K, 48% used [0x00000000f56c0000,0x00000000f5f53f48,0x00000000f6850000)
  to   space 19648K, 0% used [0x00000000f41f0000,0x00000000f41f0000,0x00000000f5520000)
 ParOldGen       total 175104K, used 107257K [0x00000000d6600000, 0x00000000e1100000, 0x00000000f2200000)
  object space 175104K, 61% used [0x00000000d6600000,0x00000000dcebe618,0x00000000e1100000)
 PSPermGen       total 27904K, used 13948K [0x00000000cc000000, 0x00000000cdb40000, 0x00000000d6600000)
  object space 27904K, 49% used [0x00000000cc000000,0x00000000ccd9f378,0x00000000cdb40000)
}
Event: 54,903 GC heap before
{Heap before GC invocations=19 (full 4):
 PSYoungGen      total 50688K, used 41487K [0x00000000f2200000, 0x00000000f6850000, 0x0000000100000000)
  eden space 32704K, 100% used [0x00000000f2200000,0x00000000f41f0000,0x00000000f41f0000)
  from space 17984K, 48% used [0x00000000f56c0000,0x00000000f5f53f48,0x00000000f6850000)
  to   space 19648K, 0% used [0x00000000f41f0000,0x00000000f41f0000,0x00000000f5520000)
 ParOldGen       total 175104K, used 107257K [0x00000000d6600000, 0x00000000e1100000, 0x00000000f2200000)
  object space 175104K, 61% used [0x00000000d6600000,0x00000000dcebe638,0x00000000e1100000)
 PSPermGen       total 27904K, used 13950K [0x00000000cc000000, 0x00000000cdb40000, 0x00000000d6600000)
  object space 27904K, 49% used [0x00000000cc000000,0x00000000ccd9f828,0x00000000cdb40000)
Event: 54,910 GC heap after
Heap after GC invocations=19 (full 4):
 PSYoungGen      total 52352K, used 8815K [0x00000000f2200000, 0x00000000f6840000, 0x0000000100000000)
  eden space 32704K, 0% used [0x00000000f2200000,0x00000000f2200000,0x00000000f41f0000)
  from space 19648K, 44% used [0x00000000f41f0000,0x00000000f4a8bf48,0x00000000f5520000)
  to   space 18688K, 0% used [0x00000000f5600000,0x00000000f5600000,0x00000000f6840000)
 ParOldGen       total 175104K, used 107257K [0x00000000d6600000, 0x00000000e1100000, 0x00000000f2200000)
  object space 175104K, 61% used [0x00000000d6600000,0x00000000dcebe638,0x00000000e1100000)
 PSPermGen       total 27904K, used 13950K [0x00000000cc000000, 0x00000000cdb40000, 0x00000000d6600000)
  object space 27904K, 49% used [0x00000000cc000000,0x00000000ccd9f828,0x00000000cdb40000)
}

