# JRE version: 7.0_25-b30
# Java VM: OpenJDK 64-Bit Server VM (23.7-b01 mixed mode linux-amd64 compressed oops)
Heap
 PSYoungGen      total 101696K, used 38492K [0x00000000f2200000, 0x00000000fb750000, 0x0000000100000000)
  eden space 70976K, 48% used [0x00000000f2200000,0x00000000f43e82d8,0x00000000f6750000)
  from space 30720K, 12% used [0x00000000f6750000,0x00000000f6afef58,0x00000000f8550000)
  to   space 29696K, 0% used [0x00000000f9a50000,0x00000000f9a50000,0x00000000fb750000)
 ParOldGen       total 140352K, used 109555K [0x00000000d6600000, 0x00000000def10000, 0x00000000f2200000)
  object space 140352K, 78% used [0x00000000d6600000,0x00000000dd0fcdb0,0x00000000def10000)
 PSPermGen       total 23360K, used 10658K [0x00000000cc000000, 0x00000000cd6d0000, 0x00000000d6600000)
  object space 23360K, 45% used [0x00000000cc000000,0x00000000cca688d8,0x00000000cd6d0000)
GC Heap History (10 events):
Event: 4,301 GC heap before
{Heap before GC invocations=7 (full 1):
 PSYoungGen      total 33536K, used 31289K [0x00000000f2200000, 0x00000000f70e0000, 0x0000000100000000)
  eden space 32256K, 93% used [0x00000000f2200000,0x00000000f3f61678,0x00000000f4180000)
  from space 1280K, 94% used [0x00000000f4180000,0x00000000f42acea8,0x00000000f42c0000)
  to   space 16384K, 0% used [0x00000000f60e0000,0x00000000f60e0000,0x00000000f70e0000)
 ParOldGen       total 101184K, used 81343K [0x00000000d6600000, 0x00000000dc8d0000, 0x00000000f2200000)
  object space 101184K, 80% used [0x00000000d6600000,0x00000000db56fe18,0x00000000dc8d0000)
 PSPermGen       total 21248K, used 10088K [0x00000000cc000000, 0x00000000cd4c0000, 0x00000000d6600000)
  object space 21248K, 47% used [0x00000000cc000000,0x00000000cc9da1c8,0x00000000cd4c0000)
Event: 4,352 GC heap after
Heap after GC invocations=7 (full 1):
 PSYoungGen      total 60800K, used 15272K [0x00000000f2200000, 0x00000000f7ec0000, 0x0000000100000000)
  eden space 44416K, 0% used [0x00000000f2200000,0x00000000f2200000,0x00000000f4d60000)
  from space 16384K, 93% used [0x00000000f60e0000,0x00000000f6fca018,0x00000000f70e0000)
  to   space 19968K, 0% used [0x00000000f4d60000,0x00000000f4d60000,0x00000000f60e0000)
 ParOldGen       total 101184K, used 81343K [0x00000000d6600000, 0x00000000dc8d0000, 0x00000000f2200000)
  object space 101184K, 80% used [0x00000000d6600000,0x00000000db56fe18,0x00000000dc8d0000)
 PSPermGen       total 21248K, used 10088K [0x00000000cc000000, 0x00000000cd4c0000, 0x00000000d6600000)
  object space 21248K, 47% used [0x00000000cc000000,0x00000000cc9da1c8,0x00000000cd4c0000)
}
Event: 5,149 GC heap before
{Heap before GC invocations=8 (full 1):
 PSYoungGen      total 60800K, used 59391K [0x00000000f2200000, 0x00000000f7ec0000, 0x0000000100000000)
  eden space 44416K, 99% used [0x00000000f2200000,0x00000000f4d15dc8,0x00000000f4d60000)
  from space 16384K, 93% used [0x00000000f60e0000,0x00000000f6fca018,0x00000000f70e0000)
  to   space 19968K, 0% used [0x00000000f4d60000,0x00000000f4d60000,0x00000000f60e0000)
 ParOldGen       total 127808K, used 107963K [0x00000000d6600000, 0x00000000de2d0000, 0x00000000f2200000)
  object space 127808K, 84% used [0x00000000d6600000,0x00000000dcf6ece8,0x00000000de2d0000)
 PSPermGen       total 21248K, used 10610K [0x00000000cc000000, 0x00000000cd4c0000, 0x00000000d6600000)
  object space 21248K, 49% used [0x00000000cc000000,0x00000000cca5c8d0,0x00000000cd4c0000)
Event: 5,212 GC heap after
Heap after GC invocations=8 (full 1):
 PSYoungGen      total 64384K, used 19964K [0x00000000f2200000, 0x00000000fa890000, 0x0000000100000000)
  eden space 44416K, 0% used [0x00000000f2200000,0x00000000f2200000,0x00000000f4d60000)
  from space 19968K, 99% used [0x00000000f4d60000,0x00000000f60df260,0x00000000f60e0000)
  to   space 31680K, 0% used [0x00000000f89a0000,0x00000000f89a0000,0x00000000fa890000)
 ParOldGen       total 127808K, used 122355K [0x00000000d6600000, 0x00000000de2d0000, 0x00000000f2200000)
  object space 127808K, 95% used [0x00000000d6600000,0x00000000ddd7ce68,0x00000000de2d0000)
 PSPermGen       total 21248K, used 10610K [0x00000000cc000000, 0x00000000cd4c0000, 0x00000000d6600000)
  object space 21248K, 49% used [0x00000000cc000000,0x00000000cca5c8d0,0x00000000cd4c0000)
}
Event: 5,212 GC heap before
{Heap before GC invocations=9 (full 2):
 PSYoungGen      total 64384K, used 19964K [0x00000000f2200000, 0x00000000fa890000, 0x0000000100000000)
  eden space 44416K, 0% used [0x00000000f2200000,0x00000000f2200000,0x00000000f4d60000)
  from space 19968K, 99% used [0x00000000f4d60000,0x00000000f60df260,0x00000000f60e0000)
  to   space 31680K, 0% used [0x00000000f89a0000,0x00000000f89a0000,0x00000000fa890000)
 ParOldGen       total 127808K, used 122355K [0x00000000d6600000, 0x00000000de2d0000, 0x00000000f2200000)
  object space 127808K, 95% used [0x00000000d6600000,0x00000000ddd7ce68,0x00000000de2d0000)
 PSPermGen       total 21248K, used 10610K [0x00000000cc000000, 0x00000000cd4c0000, 0x00000000d6600000)
  object space 21248K, 49% used [0x00000000cc000000,0x00000000cca5c8d0,0x00000000cd4c0000)
Event: 5,382 GC heap after
Heap after GC invocations=9 (full 2):
 PSYoungGen      total 64384K, used 0K [0x00000000f2200000, 0x00000000fa890000, 0x0000000100000000)
  eden space 44416K, 0% used [0x00000000f2200000,0x00000000f2200000,0x00000000f4d60000)
  from space 19968K, 0% used [0x00000000f4d60000,0x00000000f4d60000,0x00000000f60e0000)
  to   space 31680K, 0% used [0x00000000f89a0000,0x00000000f89a0000,0x00000000fa890000)
 ParOldGen       total 140352K, used 109555K [0x00000000d6600000, 0x00000000def10000, 0x00000000f2200000)
  object space 140352K, 78% used [0x00000000d6600000,0x00000000dd0fcdb0,0x00000000def10000)
 PSPermGen       total 23360K, used 10610K [0x00000000cc000000, 0x00000000cd6d0000, 0x00000000d6600000)
  object space 23360K, 45% used [0x00000000cc000000,0x00000000cca5c828,0x00000000cd6d0000)
}
Event: 6,838 GC heap before
{Heap before GC invocations=10 (full 2):
 PSYoungGen      total 64384K, used 44416K [0x00000000f2200000, 0x00000000fa890000, 0x0000000100000000)
  eden space 44416K, 100% used [0x00000000f2200000,0x00000000f4d60000,0x00000000f4d60000)
  from space 19968K, 0% used [0x00000000f4d60000,0x00000000f4d60000,0x00000000f60e0000)
  to   space 31680K, 0% used [0x00000000f89a0000,0x00000000f89a0000,0x00000000fa890000)
 ParOldGen       total 140352K, used 109555K [0x00000000d6600000, 0x00000000def10000, 0x00000000f2200000)
  object space 140352K, 78% used [0x00000000d6600000,0x00000000dd0fcdb0,0x00000000def10000)
 PSPermGen       total 23360K, used 10656K [0x00000000cc000000, 0x00000000cd6d0000, 0x00000000d6600000)
  object space 23360K, 45% used [0x00000000cc000000,0x00000000cca68020,0x00000000cd6d0000)
Event: 6,853 GC heap after
Heap after GC invocations=10 (full 2):
 PSYoungGen      total 97280K, used 3696K [0x00000000f2200000, 0x00000000fa350000, 0x0000000100000000)
  eden space 70976K, 0% used [0x00000000f2200000,0x00000000f2200000,0x00000000f6750000)
  from space 26304K, 14% used [0x00000000f89a0000,0x00000000f8d3c030,0x00000000fa350000)
  to   space 30720K, 0% used [0x00000000f6750000,0x00000000f6750000,0x00000000f8550000)
 ParOldGen       total 140352K, used 109555K [0x00000000d6600000, 0x00000000def10000, 0x00000000f2200000)
  object space 140352K, 78% used [0x00000000d6600000,0x00000000dd0fcdb0,0x00000000def10000)
 PSPermGen       total 23360K, used 10656K [0x00000000cc000000, 0x00000000cd6d0000, 0x00000000d6600000)
  object space 23360K, 45% used [0x00000000cc000000,0x00000000cca68020,0x00000000cd6d0000)
}
Event: 9,208 GC heap before
{Heap before GC invocations=11 (full 2):
 PSYoungGen      total 97280K, used 74672K [0x00000000f2200000, 0x00000000fa350000, 0x0000000100000000)
  eden space 70976K, 100% used [0x00000000f2200000,0x00000000f6750000,0x00000000f6750000)
  from space 26304K, 14% used [0x00000000f89a0000,0x00000000f8d3c030,0x00000000fa350000)
  to   space 30720K, 0% used [0x00000000f6750000,0x00000000f6750000,0x00000000f8550000)
 ParOldGen       total 140352K, used 109555K [0x00000000d6600000, 0x00000000def10000, 0x00000000f2200000)
  object space 140352K, 78% used [0x00000000d6600000,0x00000000dd0fcdb0,0x00000000def10000)
 PSPermGen       total 23360K, used 10658K [0x00000000cc000000, 0x00000000cd6d0000, 0x00000000d6600000)
  object space 23360K, 45% used [0x00000000cc000000,0x00000000cca688d8,0x00000000cd6d0000)
Event: 9,212 GC heap after
Heap after GC invocations=11 (full 2):
 PSYoungGen      total 101696K, used 3771K [0x00000000f2200000, 0x00000000fb750000, 0x0000000100000000)
  eden space 70976K, 0% used [0x00000000f2200000,0x00000000f2200000,0x00000000f6750000)
  from space 30720K, 12% used [0x00000000f6750000,0x00000000f6afef58,0x00000000f8550000)
  to   space 29696K, 0% used [0x00000000f9a50000,0x00000000f9a50000,0x00000000fb750000)
 ParOldGen       total 140352K, used 109555K [0x00000000d6600000, 0x00000000def10000, 0x00000000f2200000)
  object space 140352K, 78% used [0x00000000d6600000,0x00000000dd0fcdb0,0x00000000def10000)
 PSPermGen       total 23360K, used 10658K [0x00000000cc000000, 0x00000000cd6d0000, 0x00000000d6600000)
  object space 23360K, 45% used [0x00000000cc000000,0x00000000cca688d8,0x00000000cd6d0000)
}

