# JRE version: 7.0_25-b30
# Java VM: OpenJDK 64-Bit Server VM (23.7-b01 mixed mode linux-amd64 compressed oops)
Heap
 PSYoungGen      total 99456K, used 4849K [0x00000000f2200000, 0x00000000f98a0000, 0x0000000100000000)
  eden space 83584K, 2% used [0x00000000f2200000,0x00000000f241b508,0x00000000f73a0000)
  from space 15872K, 16% used [0x00000000f8920000,0x00000000f8bc11b0,0x00000000f98a0000)
  to   space 18944K, 0% used [0x00000000f73a0000,0x00000000f73a0000,0x00000000f8620000)
 ParOldGen       total 149312K, used 111578K [0x00000000d6600000, 0x00000000df7d0000, 0x00000000f2200000)
  object space 149312K, 74% used [0x00000000d6600000,0x00000000dd2f6a78,0x00000000df7d0000)
 PSPermGen       total 28928K, used 13951K [0x00000000cc000000, 0x00000000cdc40000, 0x00000000d6600000)
  object space 28928K, 48% used [0x00000000cc000000,0x00000000ccd9fda8,0x00000000cdc40000)
GC Heap History (10 events):
Event: 17,781 GC heap before
{Heap before GC invocations=11 (full 3):
 PSYoungGen      total 59200K, used 41024K [0x00000000f2200000, 0x00000000f8990000, 0x0000000100000000)
  eden space 41024K, 100% used [0x00000000f2200000,0x00000000f4a10000,0x00000000f4a10000)
  from space 18176K, 0% used [0x00000000f4a10000,0x00000000f4a10000,0x00000000f5bd0000)
  to   space 22144K, 0% used [0x00000000f73f0000,0x00000000f73f0000,0x00000000f8990000)
 ParOldGen       total 149312K, used 111573K [0x00000000d6600000, 0x00000000df7d0000, 0x00000000f2200000)
  object space 149312K, 74% used [0x00000000d6600000,0x00000000dd2f5650,0x00000000df7d0000)
 PSPermGen       total 28928K, used 13942K [0x00000000cc000000, 0x00000000cdc40000, 0x00000000d6600000)
  object space 28928K, 48% used [0x00000000cc000000,0x00000000ccd9da48,0x00000000cdc40000)
Event: 17,790 GC heap after
Heap after GC invocations=11 (full 3):
 PSYoungGen      total 80960K, used 2811K [0x00000000f2200000, 0x00000000f87a0000, 0x0000000100000000)
  eden space 60800K, 0% used [0x00000000f2200000,0x00000000f2200000,0x00000000f5d60000)
  from space 20160K, 13% used [0x00000000f73f0000,0x00000000f76aed88,0x00000000f87a0000)
  to   space 21632K, 0% used [0x00000000f5d60000,0x00000000f5d60000,0x00000000f7280000)
 ParOldGen       total 149312K, used 111573K [0x00000000d6600000, 0x00000000df7d0000, 0x00000000f2200000)
  object space 149312K, 74% used [0x00000000d6600000,0x00000000dd2f5650,0x00000000df7d0000)
 PSPermGen       total 28928K, used 13942K [0x00000000cc000000, 0x00000000cdc40000, 0x00000000d6600000)
  object space 28928K, 48% used [0x00000000cc000000,0x00000000ccd9da48,0x00000000cdc40000)
}
Event: 23,260 GC heap before
{Heap before GC invocations=12 (full 3):
 PSYoungGen      total 80960K, used 63611K [0x00000000f2200000, 0x00000000f87a0000, 0x0000000100000000)
  eden space 60800K, 100% used [0x00000000f2200000,0x00000000f5d60000,0x00000000f5d60000)
  from space 20160K, 13% used [0x00000000f73f0000,0x00000000f76aed88,0x00000000f87a0000)
  to   space 21632K, 0% used [0x00000000f5d60000,0x00000000f5d60000,0x00000000f7280000)
 ParOldGen       total 149312K, used 111577K [0x00000000d6600000, 0x00000000df7d0000, 0x00000000f2200000)
  object space 149312K, 74% used [0x00000000d6600000,0x00000000dd2f67d8,0x00000000df7d0000)
 PSPermGen       total 28928K, used 13943K [0x00000000cc000000, 0x00000000cdc40000, 0x00000000d6600000)
  object space 28928K, 48% used [0x00000000cc000000,0x00000000ccd9de48,0x00000000cdc40000)
Event: 23,263 GC heap after
Heap after GC invocations=12 (full 3):
 PSYoungGen      total 82432K, used 2656K [0x00000000f2200000, 0x00000000f9520000, 0x0000000100000000)
  eden space 60800K, 0% used [0x00000000f2200000,0x00000000f2200000,0x00000000f5d60000)
  from space 21632K, 12% used [0x00000000f5d60000,0x00000000f5ff81c0,0x00000000f7280000)
  to   space 21056K, 0% used [0x00000000f8090000,0x00000000f8090000,0x00000000f9520000)
 ParOldGen       total 149312K, used 111577K [0x00000000d6600000, 0x00000000df7d0000, 0x00000000f2200000)
  object space 149312K, 74% used [0x00000000d6600000,0x00000000dd2f67d8,0x00000000df7d0000)
 PSPermGen       total 28928K, used 13943K [0x00000000cc000000, 0x00000000cdc40000, 0x00000000d6600000)
  object space 28928K, 48% used [0x00000000cc000000,0x00000000ccd9de48,0x00000000cdc40000)
}
Event: 29,928 GC heap before
{Heap before GC invocations=13 (full 3):
 PSYoungGen      total 82432K, used 63456K [0x00000000f2200000, 0x00000000f9520000, 0x0000000100000000)
  eden space 60800K, 100% used [0x00000000f2200000,0x00000000f5d60000,0x00000000f5d60000)
  from space 21632K, 12% used [0x00000000f5d60000,0x00000000f5ff81c0,0x00000000f7280000)
  to   space 21056K, 0% used [0x00000000f8090000,0x00000000f8090000,0x00000000f9520000)
 ParOldGen       total 149312K, used 111577K [0x00000000d6600000, 0x00000000df7d0000, 0x00000000f2200000)
  object space 149312K, 74% used [0x00000000d6600000,0x00000000dd2f67d8,0x00000000df7d0000)
 PSPermGen       total 28928K, used 13944K [0x00000000cc000000, 0x00000000cdc40000, 0x00000000d6600000)
  object space 28928K, 48% used [0x00000000cc000000,0x00000000ccd9e258,0x00000000cdc40000)
Event: 29,936 GC heap after
Heap after GC invocations=13 (full 3):
 PSYoungGen      total 90688K, used 3246K [0x00000000f2200000, 0x00000000f9170000, 0x0000000100000000)
  eden space 73408K, 0% used [0x00000000f2200000,0x00000000f2200000,0x00000000f69b0000)
  from space 17280K, 18% used [0x00000000f8090000,0x00000000f83bbae0,0x00000000f9170000)
  to   space 20352K, 0% used [0x00000000f69b0000,0x00000000f69b0000,0x00000000f7d90000)
 ParOldGen       total 149312K, used 111577K [0x00000000d6600000, 0x00000000df7d0000, 0x00000000f2200000)
  object space 149312K, 74% used [0x00000000d6600000,0x00000000dd2f67d8,0x00000000df7d0000)
 PSPermGen       total 28928K, used 13944K [0x00000000cc000000, 0x00000000cdc40000, 0x00000000d6600000)
  object space 28928K, 48% used [0x00000000cc000000,0x00000000ccd9e258,0x00000000cdc40000)
}
Event: 38,663 GC heap before
{Heap before GC invocations=14 (full 3):
 PSYoungGen      total 90688K, used 76654K [0x00000000f2200000, 0x00000000f9170000, 0x0000000100000000)
  eden space 73408K, 100% used [0x00000000f2200000,0x00000000f69b0000,0x00000000f69b0000)
  from space 17280K, 18% used [0x00000000f8090000,0x00000000f83bbae0,0x00000000f9170000)
  to   space 20352K, 0% used [0x00000000f69b0000,0x00000000f69b0000,0x00000000f7d90000)
 ParOldGen       total 149312K, used 111577K [0x00000000d6600000, 0x00000000df7d0000, 0x00000000f2200000)
  object space 149312K, 74% used [0x00000000d6600000,0x00000000dd2f67d8,0x00000000df7d0000)
 PSPermGen       total 28928K, used 13949K [0x00000000cc000000, 0x00000000cdc40000, 0x00000000d6600000)
  object space 28928K, 48% used [0x00000000cc000000,0x00000000ccd9f5d0,0x00000000cdc40000)
Event: 38,670 GC heap after
Heap after GC invocations=14 (full 3):
 PSYoungGen      total 93760K, used 3246K [0x00000000f2200000, 0x00000000f9c50000, 0x0000000100000000)
  eden space 73408K, 0% used [0x00000000f2200000,0x00000000f2200000,0x00000000f69b0000)
  from space 20352K, 15% used [0x00000000f69b0000,0x00000000f6cdbae0,0x00000000f7d90000)
  to   space 19648K, 0% used [0x00000000f8920000,0x00000000f8920000,0x00000000f9c50000)
 ParOldGen       total 149312K, used 111577K [0x00000000d6600000, 0x00000000df7d0000, 0x00000000f2200000)
  object space 149312K, 74% used [0x00000000d6600000,0x00000000dd2f67d8,0x00000000df7d0000)
 PSPermGen       total 28928K, used 13949K [0x00000000cc000000, 0x00000000cdc40000, 0x00000000d6600000)
  object space 28928K, 48% used [0x00000000cc000000,0x00000000ccd9f5d0,0x00000000cdc40000)
}
Event: 46,482 GC heap before
{Heap before GC invocations=15 (full 3):
 PSYoungGen      total 93760K, used 76654K [0x00000000f2200000, 0x00000000f9c50000, 0x0000000100000000)
  eden space 73408K, 100% used [0x00000000f2200000,0x00000000f69b0000,0x00000000f69b0000)
  from space 20352K, 15% used [0x00000000f69b0000,0x00000000f6cdbae0,0x00000000f7d90000)
  to   space 19648K, 0% used [0x00000000f8920000,0x00000000f8920000,0x00000000f9c50000)
 ParOldGen       total 149312K, used 111578K [0x00000000d6600000, 0x00000000df7d0000, 0x00000000f2200000)
  object space 149312K, 74% used [0x00000000d6600000,0x00000000dd2f6a78,0x00000000df7d0000)
 PSPermGen       total 28928K, used 13951K [0x00000000cc000000, 0x00000000cdc40000, 0x00000000d6600000)
  object space 28928K, 48% used [0x00000000cc000000,0x00000000ccd9fda8,0x00000000cdc40000)
Event: 46,488 GC heap after
Heap after GC invocations=15 (full 3):
 PSYoungGen      total 99456K, used 2692K [0x00000000f2200000, 0x00000000f98a0000, 0x0000000100000000)
  eden space 83584K, 0% used [0x00000000f2200000,0x00000000f2200000,0x00000000f73a0000)
  from space 15872K, 16% used [0x00000000f8920000,0x00000000f8bc11b0,0x00000000f98a0000)
  to   space 18944K, 0% used [0x00000000f73a0000,0x00000000f73a0000,0x00000000f8620000)
 ParOldGen       total 149312K, used 111578K [0x00000000d6600000, 0x00000000df7d0000, 0x00000000f2200000)
  object space 149312K, 74% used [0x00000000d6600000,0x00000000dd2f6a78,0x00000000df7d0000)
 PSPermGen       total 28928K, used 13951K [0x00000000cc000000, 0x00000000cdc40000, 0x00000000d6600000)
  object space 28928K, 48% used [0x00000000cc000000,0x00000000ccd9fda8,0x00000000cdc40000)
}

