# JRE version: 7.0_25-b30
# Java VM: OpenJDK 64-Bit Server VM (23.7-b01 mixed mode linux-amd64 compressed oops)
Heap
 PSYoungGen      total 28160K, used 1514K [0x00000000f2200000, 0x00000000f6820000, 0x0000000100000000)
  eden space 28096K, 5% used [0x00000000f2200000,0x00000000f236a8b0,0x00000000f3d70000)
  from space 64K, 100% used [0x00000000f3d70000,0x00000000f3d80000,0x00000000f3d80000)
  to   space 21824K, 0% used [0x00000000f52d0000,0x00000000f52d0000,0x00000000f6820000)
 ParOldGen       total 184768K, used 116012K [0x00000000d6600000, 0x00000000e1a70000, 0x00000000f2200000)
  object space 184768K, 62% used [0x00000000d6600000,0x00000000dd74b238,0x00000000e1a70000)
 PSPermGen       total 27904K, used 13981K [0x00000000cc000000, 0x00000000cdb40000, 0x00000000d6600000)
  object space 27904K, 50% used [0x00000000cc000000,0x00000000ccda7408,0x00000000cdb40000)
GC Heap History (10 events):
Event: 135,924 GC heap before
{Heap before GC invocations=39 (full 4):
 PSYoungGen      total 55744K, used 28032K [0x00000000f2200000, 0x00000000f76d0000, 0x0000000100000000)
  eden space 27968K, 100% used [0x00000000f2200000,0x00000000f3d50000,0x00000000f3d50000)
  from space 27776K, 0% used [0x00000000f5bb0000,0x00000000f5bc0000,0x00000000f76d0000)
  to   space 29440K, 0% used [0x00000000f3d50000,0x00000000f3d50000,0x00000000f5a10000)
 ParOldGen       total 184768K, used 116002K [0x00000000d6600000, 0x00000000e1a70000, 0x00000000f2200000)
  object space 184768K, 62% used [0x00000000d6600000,0x00000000dd748bf0,0x00000000e1a70000)
 PSPermGen       total 27904K, used 13962K [0x00000000cc000000, 0x00000000cdb40000, 0x00000000d6600000)
  object space 27904K, 50% used [0x00000000cc000000,0x00000000ccda2a70,0x00000000cdb40000)
Event: 135,928 GC heap after
Heap after GC invocations=39 (full 4):
 PSYoungGen      total 28032K, used 64K [0x00000000f2200000, 0x00000000f73c0000, 0x0000000100000000)
  eden space 27968K, 0% used [0x00000000f2200000,0x00000000f2200000,0x00000000f3d50000)
  from space 64K, 100% used [0x00000000f3d50000,0x00000000f3d60000,0x00000000f3d60000)
  to   space 27840K, 0% used [0x00000000f5890000,0x00000000f5890000,0x00000000f73c0000)
 ParOldGen       total 184768K, used 116002K [0x00000000d6600000, 0x00000000e1a70000, 0x00000000f2200000)
  object space 184768K, 62% used [0x00000000d6600000,0x00000000dd748bf0,0x00000000e1a70000)
 PSPermGen       total 27904K, used 13962K [0x00000000cc000000, 0x00000000cdb40000, 0x00000000d6600000)
  object space 27904K, 50% used [0x00000000cc000000,0x00000000ccda2a70,0x00000000cdb40000)
}
Event: 141,848 GC heap before
{Heap before GC invocations=40 (full 4):
 PSYoungGen      total 28032K, used 28032K [0x00000000f2200000, 0x00000000f73c0000, 0x0000000100000000)
  eden space 27968K, 100% used [0x00000000f2200000,0x00000000f3d50000,0x00000000f3d50000)
  from space 64K, 100% used [0x00000000f3d50000,0x00000000f3d60000,0x00000000f3d60000)
  to   space 27840K, 0% used [0x00000000f5890000,0x00000000f5890000,0x00000000f73c0000)
 ParOldGen       total 184768K, used 116007K [0x00000000d6600000, 0x00000000e1a70000, 0x00000000f2200000)
  object space 184768K, 62% used [0x00000000d6600000,0x00000000dd749da0,0x00000000e1a70000)
 PSPermGen       total 27904K, used 13963K [0x00000000cc000000, 0x00000000cdb40000, 0x00000000d6600000)
  object space 27904K, 50% used [0x00000000cc000000,0x00000000ccda2cd8,0x00000000cdb40000)
Event: 141,853 GC heap after
Heap after GC invocations=40 (full 4):
 PSYoungGen      total 52800K, used 64K [0x00000000f2200000, 0x00000000f70c0000, 0x0000000100000000)
  eden space 28032K, 0% used [0x00000000f2200000,0x00000000f2200000,0x00000000f3d60000)
  from space 24768K, 0% used [0x00000000f5890000,0x00000000f58a0000,0x00000000f70c0000)
  to   space 26304K, 0% used [0x00000000f3d60000,0x00000000f3d60000,0x00000000f5710000)
 ParOldGen       total 184768K, used 116007K [0x00000000d6600000, 0x00000000e1a70000, 0x00000000f2200000)
  object space 184768K, 62% used [0x00000000d6600000,0x00000000dd749da0,0x00000000e1a70000)
 PSPermGen       total 27904K, used 13963K [0x00000000cc000000, 0x00000000cdb40000, 0x00000000d6600000)
  object space 27904K, 50% used [0x00000000cc000000,0x00000000ccda2cd8,0x00000000cdb40000)
}
Event: 146,508 GC heap before
{Heap before GC invocations=41 (full 4):
 PSYoungGen      total 52800K, used 28096K [0x00000000f2200000, 0x00000000f70c0000, 0x0000000100000000)
  eden space 28032K, 100% used [0x00000000f2200000,0x00000000f3d60000,0x00000000f3d60000)
  from space 24768K, 0% used [0x00000000f5890000,0x00000000f58a0000,0x00000000f70c0000)
  to   space 26304K, 0% used [0x00000000f3d60000,0x00000000f3d60000,0x00000000f5710000)
 ParOldGen       total 184768K, used 116008K [0x00000000d6600000, 0x00000000e1a70000, 0x00000000f2200000)
  object space 184768K, 62% used [0x00000000d6600000,0x00000000dd74a020,0x00000000e1a70000)
 PSPermGen       total 27904K, used 13964K [0x00000000cc000000, 0x00000000cdb40000, 0x00000000d6600000)
  object space 27904K, 50% used [0x00000000cc000000,0x00000000ccda30a0,0x00000000cdb40000)
Event: 146,513 GC heap after
Heap after GC invocations=41 (full 4):
 PSYoungGen      total 28096K, used 64K [0x00000000f2200000, 0x00000000f6dd0000, 0x0000000100000000)
  eden space 28032K, 0% used [0x00000000f2200000,0x00000000f2200000,0x00000000f3d60000)
  from space 64K, 100% used [0x00000000f3d60000,0x00000000f3d70000,0x00000000f3d70000)
  to   space 24768K, 0% used [0x00000000f55a0000,0x00000000f55a0000,0x00000000f6dd0000)
 ParOldGen       total 184768K, used 116008K [0x00000000d6600000, 0x00000000e1a70000, 0x00000000f2200000)
  object space 184768K, 62% used [0x00000000d6600000,0x00000000dd74a020,0x00000000e1a70000)
 PSPermGen       total 27904K, used 13964K [0x00000000cc000000, 0x00000000cdb40000, 0x00000000d6600000)
  object space 27904K, 50% used [0x00000000cc000000,0x00000000ccda30a0,0x00000000cdb40000)
}
Event: 157,043 GC heap before
{Heap before GC invocations=42 (full 4):
 PSYoungGen      total 28096K, used 28096K [0x00000000f2200000, 0x00000000f6dd0000, 0x0000000100000000)
  eden space 28032K, 100% used [0x00000000f2200000,0x00000000f3d60000,0x00000000f3d60000)
  from space 64K, 100% used [0x00000000f3d60000,0x00000000f3d70000,0x00000000f3d70000)
  to   space 24768K, 0% used [0x00000000f55a0000,0x00000000f55a0000,0x00000000f6dd0000)
 ParOldGen       total 184768K, used 116012K [0x00000000d6600000, 0x00000000e1a70000, 0x00000000f2200000)
  object space 184768K, 62% used [0x00000000d6600000,0x00000000dd74b1d0,0x00000000e1a70000)
 PSPermGen       total 27904K, used 13979K [0x00000000cc000000, 0x00000000cdb40000, 0x00000000d6600000)
  object space 27904K, 50% used [0x00000000cc000000,0x00000000ccda6f80,0x00000000cdb40000)
Event: 157,047 GC heap after
Heap after GC invocations=42 (full 4):
 PSYoungGen      total 49792K, used 96K [0x00000000f2200000, 0x00000000f6ad0000, 0x0000000100000000)
  eden space 28096K, 0% used [0x00000000f2200000,0x00000000f2200000,0x00000000f3d70000)
  from space 21696K, 0% used [0x00000000f55a0000,0x00000000f55b8000,0x00000000f6ad0000)
  to   space 23232K, 0% used [0x00000000f3d70000,0x00000000f3d70000,0x00000000f5420000)
 ParOldGen       total 184768K, used 116012K [0x00000000d6600000, 0x00000000e1a70000, 0x00000000f2200000)
  object space 184768K, 62% used [0x00000000d6600000,0x00000000dd74b1d0,0x00000000e1a70000)
 PSPermGen       total 27904K, used 13979K [0x00000000cc000000, 0x00000000cdb40000, 0x00000000d6600000)
  object space 27904K, 50% used [0x00000000cc000000,0x00000000ccda6f80,0x00000000cdb40000)
}
Event: 164,841 GC heap before
{Heap before GC invocations=43 (full 4):
 PSYoungGen      total 49792K, used 28192K [0x00000000f2200000, 0x00000000f6ad0000, 0x0000000100000000)
  eden space 28096K, 100% used [0x00000000f2200000,0x00000000f3d70000,0x00000000f3d70000)
  from space 21696K, 0% used [0x00000000f55a0000,0x00000000f55b8000,0x00000000f6ad0000)
  to   space 23232K, 0% used [0x00000000f3d70000,0x00000000f3d70000,0x00000000f5420000)
 ParOldGen       total 184768K, used 116012K [0x00000000d6600000, 0x00000000e1a70000, 0x00000000f2200000)
  object space 184768K, 62% used [0x00000000d6600000,0x00000000dd74b238,0x00000000e1a70000)
 PSPermGen       total 27904K, used 13981K [0x00000000cc000000, 0x00000000cdb40000, 0x00000000d6600000)
  object space 27904K, 50% used [0x00000000cc000000,0x00000000ccda7408,0x00000000cdb40000)
Event: 164,844 GC heap after
Heap after GC invocations=43 (full 4):
 PSYoungGen      total 28160K, used 64K [0x00000000f2200000, 0x00000000f6820000, 0x0000000100000000)
  eden space 28096K, 0% used [0x00000000f2200000,0x00000000f2200000,0x00000000f3d70000)
  from space 64K, 100% used [0x00000000f3d70000,0x00000000f3d80000,0x00000000f3d80000)
  to   space 21824K, 0% used [0x00000000f52d0000,0x00000000f52d0000,0x00000000f6820000)
 ParOldGen       total 184768K, used 116012K [0x00000000d6600000, 0x00000000e1a70000, 0x00000000f2200000)
  object space 184768K, 62% used [0x00000000d6600000,0x00000000dd74b238,0x00000000e1a70000)
 PSPermGen       total 27904K, used 13981K [0x00000000cc000000, 0x00000000cdb40000, 0x00000000d6600000)
  object space 27904K, 50% used [0x00000000cc000000,0x00000000ccda7408,0x00000000cdb40000)
}

